<?xml version="1.0" ?>
<coverage version="6.2" timestamp="1642892861963" lines-valid="18615" lines-covered="6833" line-rate="0.3671" branches-valid="7823" branches-covered="1670" branch-rate="0.2135" complexity="0">
	<!-- Generated by coverage.py: https://coverage.readthedocs.io -->
	<!-- Based on https://raw.githubusercontent.com/cobertura/web/master/htdocs/xml/coverage-04.dtd -->
	<sources>
		<source></source>
		<source>/home/emil/python_projects/zemoga_test/zemoga_test</source>
	</sources>
	<packages>
		<package name="." line-rate="0.7556" branch-rate="0.5" complexity="0">
			<classes>
				<class name="main.py" filename="main.py" complexity="0" line-rate="0.9091" branch-rate="0.5">
					<methods/>
					<lines>
						<line number="1" hits="1"/>
						<line number="3" hits="1"/>
						<line number="5" hits="1"/>
						<line number="6" hits="1"/>
						<line number="8" hits="1"/>
						<line number="10" hits="1"/>
						<line number="18" hits="1"/>
						<line number="20" hits="1"/>
						<line number="21" hits="1"/>
						<line number="23" hits="1" branch="true" condition-coverage="50% (1/2)" missing-branches="24"/>
						<line number="24" hits="0"/>
					</lines>
				</class>
				<class name="test_main.py" filename="test_main.py" complexity="0" line-rate="0.7059" branch-rate="1">
					<methods/>
					<lines>
						<line number="1" hits="1"/>
						<line number="3" hits="1"/>
						<line number="4" hits="1"/>
						<line number="6" hits="1"/>
						<line number="8" hits="1"/>
						<line number="9" hits="1"/>
						<line number="10" hits="1"/>
						<line number="11" hits="1"/>
						<line number="12" hits="1"/>
						<line number="16" hits="1"/>
						<line number="18" hits="1"/>
						<line number="19" hits="1"/>
						<line number="20" hits="1"/>
						<line number="22" hits="1"/>
						<line number="24" hits="1"/>
						<line number="25" hits="1"/>
						<line number="27" hits="1"/>
						<line number="28" hits="1"/>
						<line number="29" hits="1"/>
						<line number="31" hits="1"/>
						<line number="32" hits="0"/>
						<line number="33" hits="0"/>
						<line number="35" hits="1"/>
						<line number="36" hits="0"/>
						<line number="37" hits="0"/>
						<line number="39" hits="1"/>
						<line number="40" hits="0"/>
						<line number="53" hits="0"/>
						<line number="55" hits="1"/>
						<line number="56" hits="0"/>
						<line number="69" hits="0"/>
						<line number="71" hits="1"/>
						<line number="72" hits="0"/>
						<line number="73" hits="0"/>
					</lines>
				</class>
			</classes>
		</package>
		<package name=".usr.lib.python3.dist-packages" line-rate="0.5316" branch-rate="0.4149" complexity="0">
			<classes>
				<class name="six.py" filename="/usr/lib/python3/dist-packages/six.py" complexity="0" line-rate="0.5316" branch-rate="0.4149">
					<methods/>
					<lines>
						<line number="21" hits="1"/>
						<line number="23" hits="1"/>
						<line number="25" hits="1"/>
						<line number="26" hits="1"/>
						<line number="27" hits="1"/>
						<line number="28" hits="1"/>
						<line number="29" hits="1"/>
						<line number="31" hits="1"/>
						<line number="32" hits="1"/>
						<line number="36" hits="1"/>
						<line number="37" hits="1"/>
						<line number="38" hits="1"/>
						<line number="40" hits="1" branch="true" condition-coverage="50% (1/2)" missing-branches="49"/>
						<line number="41" hits="1"/>
						<line number="42" hits="1"/>
						<line number="43" hits="1"/>
						<line number="44" hits="1"/>
						<line number="45" hits="1"/>
						<line number="47" hits="1"/>
						<line number="49" hits="0"/>
						<line number="50" hits="0"/>
						<line number="51" hits="0"/>
						<line number="52" hits="0"/>
						<line number="53" hits="0"/>
						<line number="55" hits="0" branch="true" condition-coverage="0% (0/2)" missing-branches="57,60"/>
						<line number="57" hits="0"/>
						<line number="60" hits="0" branch="true" condition-coverage="0% (0/2)" missing-branches="62,64"/>
						<line number="62" hits="0"/>
						<line number="63" hits="0"/>
						<line number="64" hits="0"/>
						<line number="65" hits="0"/>
						<line number="66" hits="0"/>
						<line number="68" hits="0"/>
						<line number="71" hits="0"/>
						<line number="72" hits="0"/>
						<line number="75" hits="1"/>
						<line number="77" hits="1"/>
						<line number="80" hits="1"/>
						<line number="82" hits="1"/>
						<line number="83" hits="1"/>
						<line number="86" hits="1" branch="true" condition-coverage="100% (2/2)"/>
						<line number="88" hits="1"/>
						<line number="89" hits="1"/>
						<line number="91" hits="1"/>
						<line number="92" hits="1"/>
						<line number="93" hits="1"/>
						<line number="94" hits="1"/>
						<line number="97" hits="1"/>
						<line number="98" hits="0"/>
						<line number="99" hits="0"/>
						<line number="100" hits="1"/>
						<line number="103" hits="1" branch="true" condition-coverage="100% (2/2)"/>
						<line number="105" hits="1"/>
						<line number="106" hits="1"/>
						<line number="107" hits="1" branch="true" condition-coverage="50% (1/2)" missing-branches="112"/>
						<line number="108" hits="1" branch="true" condition-coverage="100% (2/2)"/>
						<line number="109" hits="1"/>
						<line number="110" hits="1"/>
						<line number="112" hits="0"/>
						<line number="114" hits="1"/>
						<line number="115" hits="1"/>
						<line number="117" hits="1"/>
						<line number="118" hits="1"/>
						<line number="119" hits="1"/>
						<line number="120" hits="0"/>
						<line number="121" hits="0"/>
						<line number="124" hits="1" branch="true" condition-coverage="100% (2/2)"/>
						<line number="126" hits="1"/>
						<line number="127" hits="1"/>
						<line number="128" hits="1"/>
						<line number="130" hits="1"/>
						<line number="131" hits="0"/>
						<line number="132" hits="0" branch="true" condition-coverage="0% (0/2)" missing-branches="exit,133"/>
						<line number="133" hits="0"/>
						<line number="136" hits="1"/>
						<line number="139" hits="1" branch="true" condition-coverage="100% (2/2)"/>
						<line number="141" hits="1"/>
						<line number="142" hits="1"/>
						<line number="143" hits="1" branch="true" condition-coverage="50% (1/2)" missing-branches="154"/>
						<line number="144" hits="1" branch="true" condition-coverage="50% (1/2)" missing-branches="145"/>
						<line number="145" hits="0"/>
						<line number="146" hits="1"/>
						<line number="147" hits="1" branch="true" condition-coverage="100% (2/2)"/>
						<line number="148" hits="1" branch="true" condition-coverage="100% (2/2)"/>
						<line number="149" hits="1"/>
						<line number="151" hits="1"/>
						<line number="152" hits="1"/>
						<line number="154" hits="0"/>
						<line number="155" hits="0" branch="true" condition-coverage="0% (0/2)" missing-branches="156,157"/>
						<line number="156" hits="0"/>
						<line number="157" hits="0"/>
						<line number="159" hits="1"/>
						<line number="160" hits="1"/>
						<line number="161" hits="1"/>
						<line number="164" hits="1" branch="true" condition-coverage="100% (2/2)"/>
						<line number="173" hits="1"/>
						<line number="174" hits="1"/>
						<line number="175" hits="1"/>
						<line number="177" hits="1"/>
						<line number="178" hits="1" branch="true" condition-coverage="100% (2/2)"/>
						<line number="179" hits="1"/>
						<line number="181" hits="1"/>
						<line number="182" hits="1"/>
						<line number="184" hits="1"/>
						<line number="185" hits="1" branch="true" condition-coverage="100% (2/2)"/>
						<line number="186" hits="1"/>
						<line number="187" hits="1"/>
						<line number="189" hits="1"/>
						<line number="190" hits="1"/>
						<line number="191" hits="1"/>
						<line number="192" hits="0"/>
						<line number="193" hits="0"/>
						<line number="195" hits="1"/>
						<line number="196" hits="1"/>
						<line number="198" hits="1"/>
						<line number="199" hits="1"/>
						<line number="200" hits="1"/>
						<line number="201" hits="1"/>
						<line number="202" hits="1" branch="true" condition-coverage="100% (2/2)"/>
						<line number="203" hits="1"/>
						<line number="205" hits="1"/>
						<line number="206" hits="1"/>
						<line number="207" hits="1"/>
						<line number="209" hits="1"/>
						<line number="216" hits="1"/>
						<line number="218" hits="1"/>
						<line number="222" hits="0"/>
						<line number="223" hits="0"/>
						<line number="224" hits="1"/>
						<line number="226" hits="1"/>
						<line number="229" hits="1" branch="true" condition-coverage="100% (2/2)"/>
						<line number="232" hits="1"/>
						<line number="235" hits="1"/>
						<line number="307" hits="1" branch="true" condition-coverage="50% (1/2)" missing-branches="308"/>
						<line number="308" hits="0"/>
						<line number="312" hits="1" branch="true" condition-coverage="100% (2/2)"/>
						<line number="313" hits="1"/>
						<line number="314" hits="1" branch="true" condition-coverage="100% (2/2)"/>
						<line number="315" hits="1"/>
						<line number="316" hits="1"/>
						<line number="318" hits="1"/>
						<line number="320" hits="1"/>
						<line number="321" hits="1"/>
						<line number="324" hits="1" branch="true" condition-coverage="100% (2/2)"/>
						<line number="329" hits="1"/>
						<line number="356" hits="1" branch="true" condition-coverage="100% (2/2)"/>
						<line number="357" hits="1"/>
						<line number="358" hits="1"/>
						<line number="360" hits="1"/>
						<line number="362" hits="1"/>
						<line number="366" hits="1" branch="true" condition-coverage="100% (2/2)"/>
						<line number="371" hits="1"/>
						<line number="376" hits="1" branch="true" condition-coverage="100% (2/2)"/>
						<line number="377" hits="1"/>
						<line number="378" hits="1"/>
						<line number="380" hits="1"/>
						<line number="382" hits="1"/>
						<line number="386" hits="1" branch="true" condition-coverage="100% (2/2)"/>
						<line number="391" hits="1"/>
						<line number="428" hits="1" branch="true" condition-coverage="100% (2/2)"/>
						<line number="429" hits="1"/>
						<line number="430" hits="1"/>
						<line number="432" hits="1"/>
						<line number="434" hits="1"/>
						<line number="438" hits="1" branch="true" condition-coverage="100% (2/2)"/>
						<line number="443" hits="1"/>
						<line number="449" hits="1" branch="true" condition-coverage="100% (2/2)"/>
						<line number="450" hits="1"/>
						<line number="451" hits="1"/>
						<line number="453" hits="1"/>
						<line number="455" hits="1"/>
						<line number="459" hits="1" branch="true" condition-coverage="100% (2/2)"/>
						<line number="464" hits="1"/>
						<line number="467" hits="1" branch="true" condition-coverage="100% (2/2)"/>
						<line number="468" hits="1"/>
						<line number="469" hits="1"/>
						<line number="471" hits="1"/>
						<line number="473" hits="1"/>
						<line number="477" hits="1" branch="true" condition-coverage="100% (2/2)"/>
						<line number="480" hits="1"/>
						<line number="481" hits="1"/>
						<line number="482" hits="1"/>
						<line number="483" hits="1"/>
						<line number="484" hits="1"/>
						<line number="485" hits="1"/>
						<line number="487" hits="1"/>
						<line number="488" hits="0"/>
						<line number="490" hits="1"/>
						<line number="494" hits="1"/>
						<line number="496" hits="0"/>
						<line number="499" hits="1"/>
						<line number="501" hits="0"/>
						<line number="502" hits="0"/>
						<line number="503" hits="0"/>
						<line number="504" hits="0"/>
						<line number="505" hits="0"/>
						<line number="506" hits="0"/>
						<line number="507" hits="0"/>
						<line number="510" hits="1" branch="true" condition-coverage="50% (1/2)" missing-branches="519"/>
						<line number="511" hits="1"/>
						<line number="512" hits="1"/>
						<line number="514" hits="1"/>
						<line number="515" hits="1"/>
						<line number="516" hits="1"/>
						<line number="517" hits="1"/>
						<line number="519" hits="0"/>
						<line number="520" hits="0"/>
						<line number="522" hits="0"/>
						<line number="523" hits="0"/>
						<line number="524" hits="0"/>
						<line number="525" hits="0"/>
						<line number="528" hits="1"/>
						<line number="529" hits="1"/>
						<line number="530" hits="0"/>
						<line number="531" hits="0"/>
						<line number="532" hits="0"/>
						<line number="533" hits="1"/>
						<line number="536" hits="1"/>
						<line number="537" hits="1"/>
						<line number="538" hits="0"/>
						<line number="539" hits="0"/>
						<line number="540" hits="0" branch="true" condition-coverage="0% (0/2)" missing-branches="exit,exit"/>
						<line number="543" hits="1" branch="true" condition-coverage="50% (1/2)" missing-branches="554"/>
						<line number="544" hits="1"/>
						<line number="545" hits="0"/>
						<line number="547" hits="1"/>
						<line number="549" hits="1"/>
						<line number="550" hits="0"/>
						<line number="552" hits="1"/>
						<line number="554" hits="0"/>
						<line number="555" hits="0"/>
						<line number="557" hits="0"/>
						<line number="558" hits="0"/>
						<line number="560" hits="0"/>
						<line number="561" hits="0"/>
						<line number="563" hits="0" branch="true" condition-coverage="0% (0/2)" missing-branches="565,568"/>
						<line number="565" hits="0"/>
						<line number="566" hits="0"/>
						<line number="568" hits="0"/>
						<line number="569" hits="1"/>
						<line number="573" hits="1"/>
						<line number="574" hits="1"/>
						<line number="575" hits="1"/>
						<line number="576" hits="1"/>
						<line number="577" hits="1"/>
						<line number="578" hits="1"/>
						<line number="581" hits="1" branch="true" condition-coverage="50% (1/2)" missing-branches="600"/>
						<line number="582" hits="1"/>
						<line number="583" hits="0"/>
						<line number="585" hits="1"/>
						<line number="586" hits="1"/>
						<line number="588" hits="1"/>
						<line number="589" hits="0"/>
						<line number="591" hits="1"/>
						<line number="592" hits="0"/>
						<line number="594" hits="1"/>
						<line number="596" hits="1"/>
						<line number="598" hits="1"/>
						<line number="600" hits="0"/>
						<line number="601" hits="0"/>
						<line number="603" hits="0"/>
						<line number="604" hits="0"/>
						<line number="606" hits="0"/>
						<line number="607" hits="0"/>
						<line number="609" hits="0"/>
						<line number="610" hits="0"/>
						<line number="612" hits="0"/>
						<line number="614" hits="0"/>
						<line number="616" hits="0"/>
						<line number="618" hits="1"/>
						<line number="619" hits="1"/>
						<line number="620" hits="1"/>
						<line number="622" hits="1"/>
						<line number="626" hits="1" branch="true" condition-coverage="50% (1/2)" missing-branches="653"/>
						<line number="627" hits="1"/>
						<line number="628" hits="0"/>
						<line number="630" hits="1"/>
						<line number="631" hits="0"/>
						<line number="632" hits="1"/>
						<line number="633" hits="1"/>
						<line number="634" hits="1"/>
						<line number="635" hits="1"/>
						<line number="636" hits="1"/>
						<line number="637" hits="1"/>
						<line number="638" hits="1"/>
						<line number="639" hits="1"/>
						<line number="640" hits="1"/>
						<line number="641" hits="1"/>
						<line number="642" hits="1"/>
						<line number="643" hits="1"/>
						<line number="644" hits="1" branch="true" condition-coverage="50% (1/2)" missing-branches="645"/>
						<line number="645" hits="0"/>
						<line number="646" hits="0"/>
						<line number="647" hits="0"/>
						<line number="649" hits="1"/>
						<line number="650" hits="1"/>
						<line number="651" hits="1"/>
						<line number="653" hits="0"/>
						<line number="654" hits="0"/>
						<line number="657" hits="0"/>
						<line number="658" hits="0"/>
						<line number="659" hits="0"/>
						<line number="660" hits="0"/>
						<line number="662" hits="0"/>
						<line number="663" hits="0"/>
						<line number="665" hits="0"/>
						<line number="666" hits="0"/>
						<line number="667" hits="0"/>
						<line number="668" hits="0"/>
						<line number="669" hits="0"/>
						<line number="670" hits="0"/>
						<line number="671" hits="0"/>
						<line number="672" hits="0"/>
						<line number="673" hits="0"/>
						<line number="674" hits="1"/>
						<line number="675" hits="1"/>
						<line number="678" hits="1"/>
						<line number="679" hits="0"/>
						<line number="682" hits="1"/>
						<line number="683" hits="0"/>
						<line number="686" hits="1"/>
						<line number="687" hits="0"/>
						<line number="690" hits="1"/>
						<line number="691" hits="0"/>
						<line number="694" hits="1" branch="true" condition-coverage="50% (1/2)" missing-branches="709"/>
						<line number="695" hits="1"/>
						<line number="697" hits="1"/>
						<line number="698" hits="0"/>
						<line number="699" hits="0" branch="true" condition-coverage="0% (0/2)" missing-branches="700,701"/>
						<line number="700" hits="0"/>
						<line number="701" hits="0" branch="true" condition-coverage="0% (0/2)" missing-branches="702,703"/>
						<line number="702" hits="0"/>
						<line number="703" hits="0"/>
						<line number="705" hits="0"/>
						<line number="706" hits="0"/>
						<line number="709" hits="0"/>
						<line number="711" hits="0" branch="true" condition-coverage="0% (0/2)" missing-branches="712,717"/>
						<line number="712" hits="0"/>
						<line number="713" hits="0"/>
						<line number="714" hits="0" branch="true" condition-coverage="0% (0/2)" missing-branches="715,716"/>
						<line number="715" hits="0"/>
						<line number="716" hits="0"/>
						<line number="717" hits="0" branch="true" condition-coverage="0% (0/2)" missing-branches="718,719"/>
						<line number="718" hits="0"/>
						<line number="719" hits="0"/>
						<line number="721" hits="0"/>
						<line number="729" hits="1" branch="true" condition-coverage="50% (1/2)" missing-branches="737"/>
						<line number="730" hits="1"/>
						<line number="737" hits="0"/>
						<line number="738" hits="0"/>
						<line number="741" hits="1"/>
						<line number="742" hits="1" branch="true" condition-coverage="50% (1/2)" missing-branches="743"/>
						<line number="743" hits="0"/>
						<line number="745" hits="0"/>
						<line number="746" hits="0" branch="true" condition-coverage="0% (0/2)" missing-branches="747,749"/>
						<line number="747" hits="0"/>
						<line number="749" hits="0"/>
						<line number="750" hits="0" branch="true" condition-coverage="0% (0/2)" missing-branches="751,753"/>
						<line number="751" hits="0"/>
						<line number="753" hits="0" branch="true" condition-coverage="0% (0/2)" missing-branches="756,760"/>
						<line number="756" hits="0"/>
						<line number="757" hits="0" branch="true" condition-coverage="0% (0/2)" missing-branches="758,759"/>
						<line number="758" hits="0"/>
						<line number="759" hits="0"/>
						<line number="760" hits="0"/>
						<line number="761" hits="0"/>
						<line number="762" hits="0"/>
						<line number="763" hits="0" branch="true" condition-coverage="0% (0/2)" missing-branches="764,768"/>
						<line number="764" hits="0" branch="true" condition-coverage="0% (0/2)" missing-branches="765,766"/>
						<line number="765" hits="0"/>
						<line number="766" hits="0" branch="true" condition-coverage="0% (0/2)" missing-branches="767,768"/>
						<line number="767" hits="0"/>
						<line number="768" hits="0"/>
						<line number="769" hits="0" branch="true" condition-coverage="0% (0/2)" missing-branches="770,774"/>
						<line number="770" hits="0" branch="true" condition-coverage="0% (0/2)" missing-branches="771,772"/>
						<line number="771" hits="0"/>
						<line number="772" hits="0" branch="true" condition-coverage="0% (0/2)" missing-branches="773,774"/>
						<line number="773" hits="0"/>
						<line number="774" hits="0" branch="true" condition-coverage="0% (0/2)" missing-branches="775,776"/>
						<line number="775" hits="0"/>
						<line number="776" hits="0" branch="true" condition-coverage="0% (0/2)" missing-branches="777,781"/>
						<line number="777" hits="0" branch="true" condition-coverage="0% (0/2)" missing-branches="778,781"/>
						<line number="778" hits="0" branch="true" condition-coverage="0% (0/2)" missing-branches="777,779"/>
						<line number="779" hits="0"/>
						<line number="780" hits="0"/>
						<line number="781" hits="0" branch="true" condition-coverage="0% (0/2)" missing-branches="782,785"/>
						<line number="782" hits="0"/>
						<line number="783" hits="0"/>
						<line number="785" hits="0"/>
						<line number="786" hits="0"/>
						<line number="787" hits="0" branch="true" condition-coverage="0% (0/2)" missing-branches="788,789"/>
						<line number="788" hits="0"/>
						<line number="789" hits="0" branch="true" condition-coverage="0% (0/2)" missing-branches="790,791"/>
						<line number="790" hits="0"/>
						<line number="791" hits="0" branch="true" condition-coverage="0% (0/2)" missing-branches="792,795"/>
						<line number="792" hits="0" branch="true" condition-coverage="0% (0/2)" missing-branches="793,794"/>
						<line number="793" hits="0"/>
						<line number="794" hits="0"/>
						<line number="795" hits="0"/>
						<line number="796" hits="1" branch="true" condition-coverage="50% (1/2)" missing-branches="797"/>
						<line number="797" hits="0"/>
						<line number="799" hits="0"/>
						<line number="800" hits="0"/>
						<line number="801" hits="0"/>
						<line number="802" hits="0"/>
						<line number="803" hits="0" branch="true" condition-coverage="0% (0/2)" missing-branches="exit,804"/>
						<line number="804" hits="0"/>
						<line number="806" hits="1"/>
						<line number="808" hits="1" branch="true" condition-coverage="50% (1/2)" missing-branches="814"/>
						<line number="814" hits="0"/>
						<line number="817" hits="0" branch="true" condition-coverage="0% (0/2)" missing-branches="818,824"/>
						<line number="818" hits="0"/>
						<line number="819" hits="0"/>
						<line number="820" hits="0"/>
						<line number="821" hits="0"/>
						<line number="823" hits="0"/>
						<line number="824" hits="0" branch="true" condition-coverage="0% (0/2)" missing-branches="825,826"/>
						<line number="825" hits="0"/>
						<line number="826" hits="0"/>
						<line number="827" hits="0"/>
						<line number="828" hits="0"/>
						<line number="830" hits="0"/>
						<line number="832" hits="0"/>
						<line number="834" hits="0"/>
						<line number="837" hits="1"/>
						<line number="840" hits="1"/>
						<line number="845" hits="0" branch="true" condition-coverage="0% (0/2)" missing-branches="847,861"/>
						<line number="847" hits="0"/>
						<line number="848" hits="0" branch="true" condition-coverage="0% (0/2)" missing-branches="851,855"/>
						<line number="851" hits="0"/>
						<line number="852" hits="0" branch="true" condition-coverage="0% (0/2)" missing-branches="853,856"/>
						<line number="853" hits="0"/>
						<line number="855" hits="0"/>
						<line number="856" hits="0"/>
						<line number="858" hits="0"/>
						<line number="859" hits="0"/>
						<line number="860" hits="0"/>
						<line number="861" hits="0"/>
						<line number="864" hits="1"/>
						<line number="866" hits="1"/>
						<line number="867" hits="1"/>
						<line number="868" hits="1"/>
						<line number="869" hits="1" branch="true" condition-coverage="50% (1/2)" missing-branches="870"/>
						<line number="870" hits="0" branch="true" condition-coverage="0% (0/2)" missing-branches="871,872"/>
						<line number="871" hits="0"/>
						<line number="872" hits="0" branch="true" condition-coverage="0% (0/2)" missing-branches="873,874"/>
						<line number="873" hits="0"/>
						<line number="874" hits="1"/>
						<line number="875" hits="1"/>
						<line number="876" hits="1" branch="true" condition-coverage="50% (1/2)" missing-branches="878"/>
						<line number="877" hits="1"/>
						<line number="878" hits="1"/>
						<line number="879" hits="1"/>
						<line number="882" hits="1"/>
						<line number="893" hits="0" branch="true" condition-coverage="0% (0/2)" missing-branches="894,895"/>
						<line number="894" hits="0"/>
						<line number="895" hits="0" branch="true" condition-coverage="0% (0/2)" missing-branches="896,898"/>
						<line number="896" hits="0"/>
						<line number="898" hits="0"/>
						<line number="901" hits="1"/>
						<line number="912" hits="1" branch="true" condition-coverage="50% (1/2)" missing-branches="913"/>
						<line number="913" hits="0"/>
						<line number="914" hits="1" branch="true" condition-coverage="50% (1/2)" missing-branches="915"/>
						<line number="915" hits="0"/>
						<line number="916" hits="1" branch="true" condition-coverage="100% (2/2)"/>
						<line number="917" hits="1"/>
						<line number="918" hits="1"/>
						<line number="921" hits="1"/>
						<line number="932" hits="1" branch="true" condition-coverage="50% (1/2)" missing-branches="933"/>
						<line number="933" hits="0"/>
						<line number="934" hits="1" branch="true" condition-coverage="50% (1/2)" missing-branches="937"/>
						<line number="935" hits="1"/>
						<line number="937" hits="0"/>
						<line number="940" hits="1"/>
						<line number="948" hits="0" branch="true" condition-coverage="0% (0/2)" missing-branches="949,955"/>
						<line number="949" hits="0" branch="true" condition-coverage="0% (0/2)" missing-branches="950,953"/>
						<line number="950" hits="0"/>
						<line number="953" hits="0"/>
						<line number="954" hits="0" branch="true" condition-coverage="0% (0/2)" missing-branches="exit,955"/>
						<line number="955" hits="0"/>
						<line number="961" hits="1"/>
						<line number="962" hits="1"/>
						<line number="963" hits="1" branch="true" condition-coverage="50% (1/2)" missing-branches="968"/>
						<line number="964" hits="1"/>
						<line number="968" hits="1" branch="true" condition-coverage="50% (1/2)" missing-branches="980"/>
						<line number="969" hits="1" branch="true" condition-coverage="100% (2/2)"/>
						<line number="974" hits="1" branch="true" condition-coverage="50% (1/2)" missing-branches="976"/>
						<line number="976" hits="0"/>
						<line number="977" hits="0"/>
						<line number="978" hits="1"/>
						<line number="980" hits="1"/>
					</lines>
				</class>
			</classes>
		</package>
		<package name=".usr.lib.python3.dist-packages.blinker" line-rate="0.3132" branch-rate="0.181" complexity="0">
			<classes>
				<class name="__init__.py" filename="/usr/lib/python3/dist-packages/blinker/__init__.py" complexity="0" line-rate="1" branch-rate="1">
					<methods/>
					<lines>
						<line number="1" hits="1"/>
						<line number="11" hits="1"/>
						<line number="22" hits="1"/>
					</lines>
				</class>
				<class name="_saferef.py" filename="/usr/lib/python3/dist-packages/blinker/_saferef.py" complexity="0" line-rate="0.2651" branch-rate="0.15">
					<methods/>
					<lines>
						<line number="35" hits="1"/>
						<line number="37" hits="1"/>
						<line number="38" hits="1"/>
						<line number="39" hits="1"/>
						<line number="40" hits="1"/>
						<line number="43" hits="1"/>
						<line number="44" hits="1"/>
						<line number="45" hits="0"/>
						<line number="46" hits="0"/>
						<line number="47" hits="0"/>
						<line number="50" hits="1" branch="true" condition-coverage="50% (1/2)" missing-branches="51"/>
						<line number="51" hits="0"/>
						<line number="52" hits="0"/>
						<line number="54" hits="1"/>
						<line number="55" hits="1"/>
						<line number="58" hits="1"/>
						<line number="70" hits="0"/>
						<line number="71" hits="0"/>
						<line number="72" hits="0"/>
						<line number="73" hits="0" branch="true" condition-coverage="0% (0/2)" missing-branches="74,76"/>
						<line number="74" hits="0"/>
						<line number="76" hits="0"/>
						<line number="78" hits="0" branch="true" condition-coverage="0% (0/2)" missing-branches="exit,81"/>
						<line number="81" hits="0"/>
						<line number="84" hits="0"/>
						<line number="85" hits="0"/>
						<line number="88" hits="1" branch="true" condition-coverage="100% (2/2)"/>
						<line number="122" hits="1"/>
						<line number="124" hits="1"/>
						<line number="135" hits="0"/>
						<line number="136" hits="0"/>
						<line number="137" hits="0" branch="true" condition-coverage="0% (0/2)" missing-branches="138,141"/>
						<line number="138" hits="0"/>
						<line number="139" hits="0"/>
						<line number="141" hits="0"/>
						<line number="142" hits="0"/>
						<line number="143" hits="0"/>
						<line number="144" hits="0"/>
						<line number="146" hits="1"/>
						<line number="162" hits="0"/>
						<line number="164" hits="0"/>
						<line number="165" hits="0"/>
						<line number="166" hits="0"/>
						<line number="167" hits="0"/>
						<line number="168" hits="0"/>
						<line number="169" hits="0"/>
						<line number="170" hits="0" branch="true" condition-coverage="0% (0/2)" missing-branches="exit,171"/>
						<line number="171" hits="0"/>
						<line number="172" hits="0" branch="true" condition-coverage="0% (0/2)" missing-branches="170,173"/>
						<line number="173" hits="0"/>
						<line number="174" hits="0"/>
						<line number="175" hits="0"/>
						<line number="176" hits="0"/>
						<line number="177" hits="0"/>
						<line number="178" hits="0"/>
						<line number="179" hits="0"/>
						<line number="181" hits="0"/>
						<line number="182" hits="0"/>
						<line number="183" hits="0"/>
						<line number="184" hits="0"/>
						<line number="185" hits="0"/>
						<line number="186" hits="0"/>
						<line number="187" hits="0"/>
						<line number="188" hits="0"/>
						<line number="190" hits="1"/>
						<line number="196" hits="0"/>
						<line number="197" hits="1"/>
						<line number="199" hits="1"/>
						<line number="201" hits="0"/>
						<line number="207" hits="1"/>
						<line number="209" hits="1"/>
						<line number="211" hits="0"/>
						<line number="213" hits="1"/>
						<line number="215" hits="0" branch="true" condition-coverage="0% (0/2)" missing-branches="216,217"/>
						<line number="216" hits="0"/>
						<line number="217" hits="0"/>
						<line number="219" hits="1"/>
						<line number="229" hits="0"/>
						<line number="230" hits="0" branch="true" condition-coverage="0% (0/2)" missing-branches="231,234"/>
						<line number="231" hits="0"/>
						<line number="232" hits="0" branch="true" condition-coverage="0% (0/2)" missing-branches="233,234"/>
						<line number="233" hits="0"/>
						<line number="234" hits="0"/>
					</lines>
				</class>
				<class name="_utilities.py" filename="/usr/lib/python3/dist-packages/blinker/_utilities.py" complexity="0" line-rate="0.35" branch-rate="0.25">
					<methods/>
					<lines>
						<line number="1" hits="1"/>
						<line number="3" hits="1"/>
						<line number="6" hits="1"/>
						<line number="7" hits="1"/>
						<line number="8" hits="0"/>
						<line number="9" hits="0"/>
						<line number="10" hits="0"/>
						<line number="13" hits="1"/>
						<line number="14" hits="1"/>
						<line number="15" hits="0"/>
						<line number="16" hits="0" branch="true" condition-coverage="0% (0/2)" missing-branches="18,60"/>
						<line number="18" hits="0"/>
						<line number="19" hits="0" branch="true" condition-coverage="0% (0/2)" missing-branches="21,22"/>
						<line number="21" hits="0"/>
						<line number="22" hits="0"/>
						<line number="23" hits="0"/>
						<line number="25" hits="0"/>
						<line number="26" hits="0"/>
						<line number="27" hits="0"/>
						<line number="28" hits="0"/>
						<line number="29" hits="0"/>
						<line number="31" hits="0"/>
						<line number="32" hits="0" branch="true" condition-coverage="0% (0/2)" missing-branches="33,34"/>
						<line number="33" hits="0"/>
						<line number="34" hits="0"/>
						<line number="35" hits="0"/>
						<line number="37" hits="0"/>
						<line number="38" hits="0" branch="true" condition-coverage="0% (0/2)" missing-branches="39,41"/>
						<line number="39" hits="0"/>
						<line number="41" hits="0"/>
						<line number="42" hits="0"/>
						<line number="44" hits="0"/>
						<line number="45" hits="0"/>
						<line number="47" hits="0"/>
						<line number="48" hits="0"/>
						<line number="50" hits="0"/>
						<line number="51" hits="0"/>
						<line number="52" hits="0"/>
						<line number="55" hits="0"/>
						<line number="56" hits="0"/>
						<line number="60" hits="1"/>
						<line number="61" hits="1"/>
						<line number="62" hits="0"/>
						<line number="63" hits="0"/>
						<line number="64" hits="0"/>
						<line number="65" hits="0"/>
						<line number="67" hits="0"/>
						<line number="68" hits="0"/>
						<line number="70" hits="1" branch="true" condition-coverage="100% (2/2)"/>
						<line number="72" hits="1"/>
						<line number="74" hits="1"/>
						<line number="76" hits="1"/>
						<line number="77" hits="0"/>
						<line number="79" hits="1"/>
						<line number="80" hits="0"/>
						<line number="81" hits="1"/>
						<line number="84" hits="1" branch="true" condition-coverage="100% (2/2)"/>
						<line number="98" hits="1"/>
						<line number="100" hits="1"/>
						<line number="101" hits="1"/>
						<line number="102" hits="1"/>
						<line number="103" hits="1"/>
						<line number="104" hits="1"/>
						<line number="107" hits="1"/>
						<line number="108" hits="1"/>
						<line number="109" hits="1"/>
						<line number="110" hits="1"/>
						<line number="113" hits="1"/>
						<line number="114" hits="0" branch="true" condition-coverage="0% (0/2)" missing-branches="115,116"/>
						<line number="115" hits="0"/>
						<line number="116" hits="0" branch="true" condition-coverage="0% (0/2)" missing-branches="117,118"/>
						<line number="117" hits="0"/>
						<line number="118" hits="0" branch="true" condition-coverage="0% (0/2)" missing-branches="119,121"/>
						<line number="119" hits="0"/>
						<line number="121" hits="0"/>
						<line number="124" hits="1"/>
						<line number="127" hits="1" branch="true" condition-coverage="100% (2/2)"/>
						<line number="131" hits="1"/>
						<line number="133" hits="0" branch="true" condition-coverage="0% (0/2)" missing-branches="134,136"/>
						<line number="134" hits="0"/>
						<line number="136" hits="0"/>
						<line number="137" hits="0" branch="true" condition-coverage="0% (0/2)" missing-branches="138,139"/>
						<line number="138" hits="0"/>
						<line number="139" hits="0"/>
						<line number="142" hits="1"/>
						<line number="144" hits="0" branch="true" condition-coverage="0% (0/2)" missing-branches="145,146"/>
						<line number="145" hits="0"/>
						<line number="146" hits="0" branch="true" condition-coverage="0% (0/2)" missing-branches="147,148"/>
						<line number="147" hits="0"/>
						<line number="148" hits="0"/>
						<line number="151" hits="1" branch="true" condition-coverage="100% (2/2)"/>
						<line number="154" hits="1"/>
						<line number="155" hits="1"/>
						<line number="156" hits="1"/>
						<line number="158" hits="1"/>
						<line number="159" hits="0" branch="true" condition-coverage="0% (0/2)" missing-branches="160,161"/>
						<line number="160" hits="0"/>
						<line number="161" hits="0"/>
						<line number="162" hits="0"/>
						<line number="163" hits="0"/>
					</lines>
				</class>
				<class name="base.py" filename="/usr/lib/python3/dist-packages/blinker/base.py" complexity="0" line-rate="0.3025" branch-rate="0.1562">
					<methods/>
					<lines>
						<line number="2" hits="1"/>
						<line number="11" hits="1"/>
						<line number="12" hits="1"/>
						<line number="14" hits="1"/>
						<line number="25" hits="1"/>
						<line number="26" hits="1"/>
						<line number="27" hits="1"/>
						<line number="30" hits="1" branch="true" condition-coverage="100% (2/2)"/>
						<line number="35" hits="1"/>
						<line number="37" hits="1"/>
						<line number="38" hits="1"/>
						<line number="47" hits="0"/>
						<line number="49" hits="1"/>
						<line number="50" hits="1"/>
						<line number="71" hits="0"/>
						<line number="73" hits="1"/>
						<line number="79" hits="1" branch="true" condition-coverage="100% (2/2)"/>
						<line number="80" hits="1"/>
						<line number="87" hits="1"/>
						<line number="88" hits="1"/>
						<line number="89" hits="1"/>
						<line number="90" hits="1"/>
						<line number="92" hits="1"/>
						<line number="111" hits="0"/>
						<line number="112" hits="0" branch="true" condition-coverage="0% (0/2)" missing-branches="113,116"/>
						<line number="113" hits="0"/>
						<line number="114" hits="0"/>
						<line number="116" hits="0"/>
						<line number="117" hits="0" branch="true" condition-coverage="0% (0/2)" missing-branches="118,120"/>
						<line number="118" hits="0"/>
						<line number="120" hits="0"/>
						<line number="122" hits="0"/>
						<line number="123" hits="0"/>
						<line number="124" hits="0"/>
						<line number="125" hits="0"/>
						<line number="127" hits="0" branch="true" condition-coverage="0% (0/2)" missing-branches="129,139"/>
						<line number="129" hits="0"/>
						<line number="130" hits="0"/>
						<line number="131" hits="0"/>
						<line number="132" hits="0"/>
						<line number="133" hits="0"/>
						<line number="135" hits="0"/>
						<line number="136" hits="0"/>
						<line number="139" hits="0" branch="true" condition-coverage="0% (0/2)" missing-branches="141,149"/>
						<line number="141" hits="0"/>
						<line number="142" hits="0"/>
						<line number="146" hits="0"/>
						<line number="147" hits="0"/>
						<line number="148" hits="0"/>
						<line number="149" hits="0" branch="true" condition-coverage="0% (0/2)" missing-branches="150,158"/>
						<line number="150" hits="0"/>
						<line number="151" hits="0"/>
						<line number="155" hits="0"/>
						<line number="156" hits="0"/>
						<line number="157" hits="0"/>
						<line number="158" hits="0"/>
						<line number="160" hits="1"/>
						<line number="181" hits="0"/>
						<line number="182" hits="0"/>
						<line number="183" hits="0"/>
						<line number="184" hits="0"/>
						<line number="186" hits="1"/>
						<line number="187" hits="1"/>
						<line number="214" hits="0"/>
						<line number="215" hits="0"/>
						<line number="216" hits="0"/>
						<line number="217" hits="0"/>
						<line number="218" hits="0"/>
						<line number="219" hits="0"/>
						<line number="221" hits="0"/>
						<line number="223" hits="1"/>
						<line number="236" hits="0"/>
						<line number="239" hits="0"/>
						<line number="241" hits="1"/>
						<line number="256" hits="0" branch="true" condition-coverage="0% (0/2)" missing-branches="257,258"/>
						<line number="257" hits="0"/>
						<line number="258" hits="0" branch="true" condition-coverage="0% (0/2)" missing-branches="259,262"/>
						<line number="259" hits="0"/>
						<line number="262" hits="0"/>
						<line number="263" hits="0" branch="true" condition-coverage="0% (0/2)" missing-branches="264,266"/>
						<line number="264" hits="0"/>
						<line number="266" hits="0" branch="true" condition-coverage="0% (0/2)" missing-branches="exit,exit"/>
						<line number="269" hits="1"/>
						<line number="277" hits="0" branch="true" condition-coverage="0% (0/2)" missing-branches="278,279"/>
						<line number="278" hits="0"/>
						<line number="279" hits="0" branch="true" condition-coverage="0% (0/2)" missing-branches="280,281"/>
						<line number="280" hits="0"/>
						<line number="281" hits="0" branch="true" condition-coverage="0% (0/2)" missing-branches="282,283"/>
						<line number="282" hits="0"/>
						<line number="283" hits="0"/>
						<line number="285" hits="1"/>
						<line number="288" hits="0" branch="true" condition-coverage="0% (0/2)" missing-branches="exit,289"/>
						<line number="289" hits="0"/>
						<line number="290" hits="0" branch="true" condition-coverage="0% (0/2)" missing-branches="291,294"/>
						<line number="291" hits="0"/>
						<line number="294" hits="0"/>
						<line number="295" hits="0" branch="true" condition-coverage="0% (0/2)" missing-branches="exit,296"/>
						<line number="296" hits="0"/>
						<line number="297" hits="0" branch="true" condition-coverage="0% (0/2)" missing-branches="298,299"/>
						<line number="298" hits="0"/>
						<line number="299" hits="0" branch="true" condition-coverage="0% (0/2)" missing-branches="300,305"/>
						<line number="300" hits="0"/>
						<line number="301" hits="0" branch="true" condition-coverage="0% (0/2)" missing-branches="302,304"/>
						<line number="302" hits="0"/>
						<line number="303" hits="0"/>
						<line number="304" hits="0"/>
						<line number="305" hits="0"/>
						<line number="307" hits="1"/>
						<line number="316" hits="0" branch="true" condition-coverage="0% (0/2)" missing-branches="317,319"/>
						<line number="317" hits="0"/>
						<line number="319" hits="0"/>
						<line number="320" hits="0"/>
						<line number="321" hits="0"/>
						<line number="323" hits="0" branch="true" condition-coverage="0% (0/2)" missing-branches="exit,325"/>
						<line number="325" hits="0"/>
						<line number="329" hits="1"/>
						<line number="330" hits="0" branch="true" condition-coverage="0% (0/2)" missing-branches="331,336"/>
						<line number="331" hits="0" branch="true" condition-coverage="0% (0/2)" missing-branches="332,334"/>
						<line number="332" hits="0" branch="true" condition-coverage="0% (0/2)" missing-branches="333,334"/>
						<line number="333" hits="0"/>
						<line number="334" hits="0"/>
						<line number="336" hits="0"/>
						<line number="337" hits="0"/>
						<line number="339" hits="1"/>
						<line number="341" hits="0"/>
						<line number="343" hits="1"/>
						<line number="345" hits="0"/>
						<line number="346" hits="0"/>
						<line number="347" hits="0"/>
						<line number="348" hits="0" branch="true" condition-coverage="0% (0/2)" missing-branches="exit,349"/>
						<line number="349" hits="0"/>
						<line number="351" hits="1"/>
						<line number="372" hits="0" branch="true" condition-coverage="0% (0/2)" missing-branches="exit,373"/>
						<line number="373" hits="0" branch="true" condition-coverage="0% (0/2)" missing-branches="372,374"/>
						<line number="374" hits="0" branch="true" condition-coverage="0% (0/2)" missing-branches="373,375"/>
						<line number="375" hits="0"/>
						<line number="377" hits="1"/>
						<line number="379" hits="0"/>
						<line number="380" hits="0"/>
						<line number="381" hits="0"/>
						<line number="382" hits="0"/>
						<line number="385" hits="1"/>
						<line number="403" hits="1" branch="true" condition-coverage="100% (2/2)"/>
						<line number="406" hits="1"/>
						<line number="407" hits="1"/>
						<line number="410" hits="1"/>
						<line number="412" hits="1"/>
						<line number="413" hits="0"/>
						<line number="414" hits="0"/>
						<line number="417" hits="1" branch="true" condition-coverage="100% (2/2)"/>
						<line number="420" hits="1"/>
						<line number="426" hits="1"/>
						<line number="427" hits="1"/>
						<line number="428" hits="1"/>
						<line number="429" hits="1"/>
						<line number="432" hits="1" branch="true" condition-coverage="100% (2/2)"/>
						<line number="443" hits="1"/>
						<line number="449" hits="0"/>
						<line number="450" hits="0"/>
						<line number="451" hits="0"/>
						<line number="452" hits="0"/>
						<line number="455" hits="1"/>
					</lines>
				</class>
			</classes>
		</package>
		<package name=".usr.lib.python3.dist-packages.certifi" line-rate="1" branch-rate="1" complexity="0">
			<classes>
				<class name="__init__.py" filename="/usr/lib/python3/dist-packages/certifi/__init__.py" complexity="0" line-rate="1" branch-rate="1">
					<methods/>
					<lines>
						<line number="1" hits="1"/>
						<line number="3" hits="1"/>
					</lines>
				</class>
				<class name="core.py" filename="/usr/lib/python3/dist-packages/certifi/core.py" complexity="0" line-rate="1" branch-rate="1">
					<methods/>
					<lines>
						<line number="3" hits="1"/>
						<line number="9" hits="1"/>
						<line number="12" hits="1"/>
						<line number="13" hits="1"/>
						<line number="15" hits="1"/>
					</lines>
				</class>
			</classes>
		</package>
		<package name=".usr.lib.python3.dist-packages.chardet" line-rate="0.3933" branch-rate="0.1651" complexity="0">
			<classes>
				<class name="__init__.py" filename="/usr/lib/python3/dist-packages/chardet/__init__.py" complexity="0" line-rate="0.3636" branch-rate="0">
					<methods/>
					<lines>
						<line number="19" hits="1"/>
						<line number="20" hits="1"/>
						<line number="21" hits="1"/>
						<line number="24" hits="1"/>
						<line number="31" hits="0" branch="true" condition-coverage="0% (0/2)" missing-branches="32,37"/>
						<line number="32" hits="0" branch="true" condition-coverage="0% (0/2)" missing-branches="33,36"/>
						<line number="33" hits="0"/>
						<line number="36" hits="0"/>
						<line number="37" hits="0"/>
						<line number="38" hits="0"/>
						<line number="39" hits="0"/>
					</lines>
				</class>
				<class name="big5freq.py" filename="/usr/lib/python3/dist-packages/chardet/big5freq.py" complexity="0" line-rate="1" branch-rate="1">
					<methods/>
					<lines>
						<line number="43" hits="1"/>
						<line number="46" hits="1"/>
						<line number="48" hits="1"/>
					</lines>
				</class>
				<class name="big5prober.py" filename="/usr/lib/python3/dist-packages/chardet/big5prober.py" complexity="0" line-rate="0.625" branch-rate="1">
					<methods/>
					<lines>
						<line number="28" hits="1"/>
						<line number="29" hits="1"/>
						<line number="30" hits="1"/>
						<line number="31" hits="1"/>
						<line number="34" hits="1" branch="true" condition-coverage="100% (2/2)"/>
						<line number="35" hits="1"/>
						<line number="36" hits="0"/>
						<line number="37" hits="0"/>
						<line number="38" hits="0"/>
						<line number="39" hits="0"/>
						<line number="41" hits="1"/>
						<line number="42" hits="1"/>
						<line number="43" hits="0"/>
						<line number="45" hits="1"/>
						<line number="46" hits="1"/>
						<line number="47" hits="0"/>
					</lines>
				</class>
				<class name="chardistribution.py" filename="/usr/lib/python3/dist-packages/chardet/chardistribution.py" complexity="0" line-rate="0.2906" branch-rate="0.3043">
					<methods/>
					<lines>
						<line number="28" hits="1"/>
						<line number="30" hits="1"/>
						<line number="32" hits="1"/>
						<line number="34" hits="1"/>
						<line number="36" hits="1"/>
						<line number="40" hits="1" branch="true" condition-coverage="100% (2/2)"/>
						<line number="41" hits="1"/>
						<line number="42" hits="1"/>
						<line number="43" hits="1"/>
						<line number="44" hits="1"/>
						<line number="46" hits="1"/>
						<line number="49" hits="0"/>
						<line number="50" hits="0"/>
						<line number="55" hits="0"/>
						<line number="56" hits="0"/>
						<line number="57" hits="0"/>
						<line number="58" hits="0"/>
						<line number="59" hits="0"/>
						<line number="61" hits="1"/>
						<line number="65" hits="0"/>
						<line number="66" hits="0"/>
						<line number="68" hits="0"/>
						<line number="70" hits="1"/>
						<line number="72" hits="0" branch="true" condition-coverage="0% (0/2)" missing-branches="74,76"/>
						<line number="74" hits="0"/>
						<line number="76" hits="0"/>
						<line number="77" hits="0" branch="true" condition-coverage="0% (0/2)" missing-branches="exit,78"/>
						<line number="78" hits="0"/>
						<line number="80" hits="0" branch="true" condition-coverage="0% (0/2)" missing-branches="exit,81"/>
						<line number="81" hits="0" branch="true" condition-coverage="0% (0/2)" missing-branches="exit,82"/>
						<line number="82" hits="0"/>
						<line number="84" hits="1"/>
						<line number="88" hits="0" branch="true" condition-coverage="0% (0/2)" missing-branches="89,91"/>
						<line number="89" hits="0"/>
						<line number="91" hits="0" branch="true" condition-coverage="0% (0/2)" missing-branches="92,98"/>
						<line number="92" hits="0"/>
						<line number="94" hits="0" branch="true" condition-coverage="0% (0/2)" missing-branches="95,98"/>
						<line number="95" hits="0"/>
						<line number="98" hits="0"/>
						<line number="100" hits="1"/>
						<line number="103" hits="0"/>
						<line number="105" hits="1"/>
						<line number="110" hits="0"/>
						<line number="113" hits="1" branch="true" condition-coverage="100% (2/2)"/>
						<line number="114" hits="1"/>
						<line number="115" hits="0"/>
						<line number="116" hits="0"/>
						<line number="117" hits="0"/>
						<line number="118" hits="0"/>
						<line number="120" hits="1"/>
						<line number="125" hits="0"/>
						<line number="126" hits="0" branch="true" condition-coverage="0% (0/2)" missing-branches="127,129"/>
						<line number="127" hits="0"/>
						<line number="129" hits="0"/>
						<line number="132" hits="1" branch="true" condition-coverage="100% (2/2)"/>
						<line number="133" hits="1"/>
						<line number="134" hits="0"/>
						<line number="135" hits="0"/>
						<line number="136" hits="0"/>
						<line number="137" hits="0"/>
						<line number="139" hits="1"/>
						<line number="144" hits="0"/>
						<line number="145" hits="0" branch="true" condition-coverage="0% (0/2)" missing-branches="146,148"/>
						<line number="146" hits="0"/>
						<line number="148" hits="0"/>
						<line number="151" hits="1" branch="true" condition-coverage="100% (2/2)"/>
						<line number="152" hits="1"/>
						<line number="153" hits="0"/>
						<line number="154" hits="0"/>
						<line number="155" hits="0"/>
						<line number="156" hits="0"/>
						<line number="158" hits="1"/>
						<line number="163" hits="0"/>
						<line number="164" hits="0" branch="true" condition-coverage="0% (0/2)" missing-branches="165,167"/>
						<line number="165" hits="0"/>
						<line number="167" hits="0"/>
						<line number="170" hits="1" branch="true" condition-coverage="100% (2/2)"/>
						<line number="171" hits="1"/>
						<line number="172" hits="0"/>
						<line number="173" hits="0"/>
						<line number="174" hits="0"/>
						<line number="175" hits="0"/>
						<line number="177" hits="1"/>
						<line number="182" hits="0"/>
						<line number="183" hits="0" branch="true" condition-coverage="0% (0/2)" missing-branches="184,189"/>
						<line number="184" hits="0" branch="true" condition-coverage="0% (0/2)" missing-branches="185,187"/>
						<line number="185" hits="0"/>
						<line number="187" hits="0"/>
						<line number="189" hits="0"/>
						<line number="192" hits="1" branch="true" condition-coverage="100% (2/2)"/>
						<line number="193" hits="1"/>
						<line number="194" hits="0"/>
						<line number="195" hits="0"/>
						<line number="196" hits="0"/>
						<line number="197" hits="0"/>
						<line number="199" hits="1"/>
						<line number="204" hits="0"/>
						<line number="205" hits="0" branch="true" condition-coverage="0% (0/2)" missing-branches="206,207"/>
						<line number="206" hits="0"/>
						<line number="207" hits="0" branch="true" condition-coverage="0% (0/2)" missing-branches="208,210"/>
						<line number="208" hits="0"/>
						<line number="210" hits="0"/>
						<line number="211" hits="0"/>
						<line number="212" hits="0" branch="true" condition-coverage="0% (0/2)" missing-branches="213,214"/>
						<line number="213" hits="0"/>
						<line number="214" hits="0"/>
						<line number="217" hits="1" branch="true" condition-coverage="100% (2/2)"/>
						<line number="218" hits="1"/>
						<line number="219" hits="0"/>
						<line number="220" hits="0"/>
						<line number="221" hits="0"/>
						<line number="222" hits="0"/>
						<line number="224" hits="1"/>
						<line number="229" hits="0"/>
						<line number="230" hits="0" branch="true" condition-coverage="0% (0/2)" missing-branches="231,233"/>
						<line number="231" hits="0"/>
						<line number="233" hits="0"/>
					</lines>
				</class>
				<class name="charsetgroupprober.py" filename="/usr/lib/python3/dist-packages/chardet/charsetgroupprober.py" complexity="0" line-rate="0.1528" branch-rate="0.04762">
					<methods/>
					<lines>
						<line number="28" hits="1"/>
						<line number="29" hits="1"/>
						<line number="32" hits="1" branch="true" condition-coverage="100% (2/2)"/>
						<line number="33" hits="1"/>
						<line number="34" hits="0"/>
						<line number="35" hits="0"/>
						<line number="36" hits="0"/>
						<line number="37" hits="0"/>
						<line number="39" hits="1"/>
						<line number="40" hits="0"/>
						<line number="41" hits="0"/>
						<line number="42" hits="0" branch="true" condition-coverage="0% (0/2)" missing-branches="43,47"/>
						<line number="43" hits="0" branch="true" condition-coverage="0% (0/2)" missing-branches="42,44"/>
						<line number="44" hits="0"/>
						<line number="45" hits="0"/>
						<line number="46" hits="0"/>
						<line number="47" hits="0"/>
						<line number="49" hits="1"/>
						<line number="50" hits="1"/>
						<line number="51" hits="0" branch="true" condition-coverage="0% (0/2)" missing-branches="52,55"/>
						<line number="52" hits="0"/>
						<line number="53" hits="0" branch="true" condition-coverage="0% (0/2)" missing-branches="54,55"/>
						<line number="54" hits="0"/>
						<line number="55" hits="0"/>
						<line number="57" hits="1"/>
						<line number="58" hits="1"/>
						<line number="59" hits="0" branch="true" condition-coverage="0% (0/2)" missing-branches="60,63"/>
						<line number="60" hits="0"/>
						<line number="61" hits="0" branch="true" condition-coverage="0% (0/2)" missing-branches="62,63"/>
						<line number="62" hits="0"/>
						<line number="63" hits="0"/>
						<line number="65" hits="1"/>
						<line number="66" hits="0" branch="true" condition-coverage="0% (0/2)" missing-branches="67,83"/>
						<line number="67" hits="0" branch="true" condition-coverage="0% (0/2)" missing-branches="68,69"/>
						<line number="68" hits="0"/>
						<line number="69" hits="0" branch="true" condition-coverage="0% (0/2)" missing-branches="70,71"/>
						<line number="70" hits="0"/>
						<line number="71" hits="0"/>
						<line number="72" hits="0" branch="true" condition-coverage="0% (0/2)" missing-branches="73,74"/>
						<line number="73" hits="0"/>
						<line number="74" hits="0" branch="true" condition-coverage="0% (0/2)" missing-branches="75,77"/>
						<line number="75" hits="0"/>
						<line number="76" hits="0"/>
						<line number="77" hits="0" branch="true" condition-coverage="0% (0/2)" missing-branches="66,78"/>
						<line number="78" hits="0"/>
						<line number="79" hits="0"/>
						<line number="80" hits="0" branch="true" condition-coverage="0% (0/2)" missing-branches="66,81"/>
						<line number="81" hits="0"/>
						<line number="82" hits="0"/>
						<line number="83" hits="0"/>
						<line number="85" hits="1"/>
						<line number="86" hits="0"/>
						<line number="87" hits="0" branch="true" condition-coverage="0% (0/2)" missing-branches="88,89"/>
						<line number="88" hits="0"/>
						<line number="89" hits="0" branch="true" condition-coverage="0% (0/2)" missing-branches="90,91"/>
						<line number="90" hits="0"/>
						<line number="91" hits="0"/>
						<line number="92" hits="0"/>
						<line number="93" hits="0" branch="true" condition-coverage="0% (0/2)" missing-branches="94,104"/>
						<line number="94" hits="0" branch="true" condition-coverage="0% (0/2)" missing-branches="95,96"/>
						<line number="95" hits="0"/>
						<line number="96" hits="0" branch="true" condition-coverage="0% (0/2)" missing-branches="97,99"/>
						<line number="97" hits="0"/>
						<line number="98" hits="0"/>
						<line number="99" hits="0"/>
						<line number="100" hits="0"/>
						<line number="101" hits="0" branch="true" condition-coverage="0% (0/2)" missing-branches="93,102"/>
						<line number="102" hits="0"/>
						<line number="103" hits="0"/>
						<line number="104" hits="0" branch="true" condition-coverage="0% (0/2)" missing-branches="105,106"/>
						<line number="105" hits="0"/>
						<line number="106" hits="0"/>
					</lines>
				</class>
				<class name="charsetprober.py" filename="/usr/lib/python3/dist-packages/chardet/charsetprober.py" complexity="0" line-rate="0.3455" branch-rate="0.1111">
					<methods/>
					<lines>
						<line number="29" hits="1"/>
						<line number="30" hits="1"/>
						<line number="32" hits="1"/>
						<line number="35" hits="1" branch="true" condition-coverage="100% (2/2)"/>
						<line number="37" hits="1"/>
						<line number="39" hits="1"/>
						<line number="40" hits="0"/>
						<line number="41" hits="0"/>
						<line number="42" hits="0"/>
						<line number="44" hits="1"/>
						<line number="45" hits="0"/>
						<line number="47" hits="1"/>
						<line number="48" hits="1"/>
						<line number="49" hits="0"/>
						<line number="51" hits="1"/>
						<line number="52" hits="0"/>
						<line number="54" hits="1"/>
						<line number="55" hits="1"/>
						<line number="56" hits="0"/>
						<line number="58" hits="1"/>
						<line number="59" hits="0"/>
						<line number="61" hits="1"/>
						<line number="62" hits="1"/>
						<line number="63" hits="0"/>
						<line number="64" hits="0"/>
						<line number="66" hits="1"/>
						<line number="67" hits="1"/>
						<line number="81" hits="0"/>
						<line number="86" hits="0"/>
						<line number="89" hits="0" branch="true" condition-coverage="0% (0/2)" missing-branches="90,101"/>
						<line number="90" hits="0"/>
						<line number="96" hits="0"/>
						<line number="97" hits="0" branch="true" condition-coverage="0% (0/2)" missing-branches="98,99"/>
						<line number="98" hits="0"/>
						<line number="99" hits="0"/>
						<line number="101" hits="0"/>
						<line number="103" hits="1"/>
						<line number="104" hits="1"/>
						<line number="115" hits="0"/>
						<line number="116" hits="0"/>
						<line number="117" hits="0"/>
						<line number="119" hits="0" branch="true" condition-coverage="0% (0/2)" missing-branches="121,140"/>
						<line number="121" hits="0"/>
						<line number="123" hits="0" branch="true" condition-coverage="0% (0/2)" missing-branches="124,125"/>
						<line number="124" hits="0"/>
						<line number="125" hits="0" branch="true" condition-coverage="0% (0/2)" missing-branches="126,129"/>
						<line number="126" hits="0"/>
						<line number="129" hits="0" branch="true" condition-coverage="0% (0/2)" missing-branches="119,131"/>
						<line number="131" hits="0" branch="true" condition-coverage="0% (0/2)" missing-branches="134,137"/>
						<line number="134" hits="0"/>
						<line number="136" hits="0"/>
						<line number="137" hits="0"/>
						<line number="140" hits="0" branch="true" condition-coverage="0% (0/2)" missing-branches="143,145"/>
						<line number="143" hits="0"/>
						<line number="145" hits="0"/>
					</lines>
				</class>
				<class name="codingstatemachine.py" filename="/usr/lib/python3/dist-packages/chardet/codingstatemachine.py" complexity="0" line-rate="0.3571" branch-rate="0.5">
					<methods/>
					<lines>
						<line number="28" hits="1"/>
						<line number="30" hits="1"/>
						<line number="33" hits="1" branch="true" condition-coverage="100% (2/2)"/>
						<line number="55" hits="1"/>
						<line number="56" hits="0"/>
						<line number="57" hits="0"/>
						<line number="58" hits="0"/>
						<line number="59" hits="0"/>
						<line number="60" hits="0"/>
						<line number="61" hits="0"/>
						<line number="63" hits="1"/>
						<line number="64" hits="0"/>
						<line number="66" hits="1"/>
						<line number="69" hits="0"/>
						<line number="70" hits="0" branch="true" condition-coverage="0% (0/2)" missing-branches="71,74"/>
						<line number="71" hits="0"/>
						<line number="72" hits="0"/>
						<line number="74" hits="0"/>
						<line number="76" hits="0"/>
						<line number="77" hits="0"/>
						<line number="78" hits="0"/>
						<line number="80" hits="1"/>
						<line number="81" hits="0"/>
						<line number="83" hits="1"/>
						<line number="84" hits="0"/>
						<line number="86" hits="1"/>
						<line number="87" hits="1"/>
						<line number="88" hits="0"/>
					</lines>
				</class>
				<class name="compat.py" filename="/usr/lib/python3/dist-packages/chardet/compat.py" complexity="0" line-rate="0.6" branch-rate="0.5">
					<methods/>
					<lines>
						<line number="22" hits="1"/>
						<line number="25" hits="1" branch="true" condition-coverage="50% (1/2)" missing-branches="26"/>
						<line number="26" hits="0"/>
						<line number="27" hits="0"/>
						<line number="28" hits="0"/>
						<line number="29" hits="0"/>
						<line number="31" hits="1"/>
						<line number="32" hits="1"/>
						<line number="33" hits="1"/>
						<line number="34" hits="1"/>
					</lines>
				</class>
				<class name="cp949prober.py" filename="/usr/lib/python3/dist-packages/chardet/cp949prober.py" complexity="0" line-rate="0.625" branch-rate="1">
					<methods/>
					<lines>
						<line number="28" hits="1"/>
						<line number="29" hits="1"/>
						<line number="30" hits="1"/>
						<line number="31" hits="1"/>
						<line number="34" hits="1" branch="true" condition-coverage="100% (2/2)"/>
						<line number="35" hits="1"/>
						<line number="36" hits="0"/>
						<line number="37" hits="0"/>
						<line number="40" hits="0"/>
						<line number="41" hits="0"/>
						<line number="43" hits="1"/>
						<line number="44" hits="1"/>
						<line number="45" hits="0"/>
						<line number="47" hits="1"/>
						<line number="48" hits="1"/>
						<line number="49" hits="0"/>
					</lines>
				</class>
				<class name="enums.py" filename="/usr/lib/python3/dist-packages/chardet/enums.py" complexity="0" line-rate="0.9714" branch-rate="1">
					<methods/>
					<lines>
						<line number="8" hits="1" branch="true" condition-coverage="100% (2/2)"/>
						<line number="12" hits="1"/>
						<line number="13" hits="1"/>
						<line number="14" hits="1"/>
						<line number="17" hits="1" branch="true" condition-coverage="100% (2/2)"/>
						<line number="22" hits="1"/>
						<line number="23" hits="1"/>
						<line number="24" hits="1"/>
						<line number="25" hits="1"/>
						<line number="26" hits="1"/>
						<line number="27" hits="1"/>
						<line number="28" hits="1"/>
						<line number="29" hits="1"/>
						<line number="32" hits="1" branch="true" condition-coverage="100% (2/2)"/>
						<line number="36" hits="1"/>
						<line number="37" hits="1"/>
						<line number="38" hits="1"/>
						<line number="41" hits="1" branch="true" condition-coverage="100% (2/2)"/>
						<line number="45" hits="1"/>
						<line number="46" hits="1"/>
						<line number="47" hits="1"/>
						<line number="50" hits="1" branch="true" condition-coverage="100% (2/2)"/>
						<line number="54" hits="1"/>
						<line number="55" hits="1"/>
						<line number="56" hits="1"/>
						<line number="57" hits="1"/>
						<line number="59" hits="1"/>
						<line number="60" hits="1"/>
						<line number="62" hits="0"/>
						<line number="65" hits="1" branch="true" condition-coverage="100% (2/2)"/>
						<line number="72" hits="1"/>
						<line number="73" hits="1"/>
						<line number="74" hits="1"/>
						<line number="75" hits="1"/>
						<line number="76" hits="1"/>
					</lines>
				</class>
				<class name="escprober.py" filename="/usr/lib/python3/dist-packages/chardet/escprober.py" complexity="0" line-rate="0.2241" branch-rate="0.07692">
					<methods/>
					<lines>
						<line number="28" hits="1"/>
						<line number="29" hits="1"/>
						<line number="30" hits="1"/>
						<line number="31" hits="1"/>
						<line number="35" hits="1" branch="true" condition-coverage="100% (2/2)"/>
						<line number="42" hits="1"/>
						<line number="43" hits="0"/>
						<line number="44" hits="0"/>
						<line number="45" hits="0" branch="true" condition-coverage="0% (0/2)" missing-branches="46,48"/>
						<line number="46" hits="0"/>
						<line number="47" hits="0"/>
						<line number="48" hits="0" branch="true" condition-coverage="0% (0/2)" missing-branches="49,50"/>
						<line number="49" hits="0"/>
						<line number="50" hits="0" branch="true" condition-coverage="0% (0/2)" missing-branches="51,52"/>
						<line number="51" hits="0"/>
						<line number="52" hits="0"/>
						<line number="53" hits="0"/>
						<line number="54" hits="0"/>
						<line number="55" hits="0"/>
						<line number="56" hits="0"/>
						<line number="58" hits="1"/>
						<line number="59" hits="0"/>
						<line number="60" hits="0" branch="true" condition-coverage="0% (0/2)" missing-branches="61,65"/>
						<line number="61" hits="0" branch="true" condition-coverage="0% (0/2)" missing-branches="62,63"/>
						<line number="62" hits="0"/>
						<line number="63" hits="0"/>
						<line number="64" hits="0"/>
						<line number="65" hits="0"/>
						<line number="66" hits="0"/>
						<line number="67" hits="0"/>
						<line number="69" hits="1"/>
						<line number="70" hits="1"/>
						<line number="71" hits="0"/>
						<line number="73" hits="1"/>
						<line number="74" hits="1"/>
						<line number="75" hits="0"/>
						<line number="77" hits="1"/>
						<line number="78" hits="0" branch="true" condition-coverage="0% (0/2)" missing-branches="79,81"/>
						<line number="79" hits="0"/>
						<line number="81" hits="0"/>
						<line number="83" hits="1"/>
						<line number="84" hits="0" branch="true" condition-coverage="0% (0/2)" missing-branches="85,101"/>
						<line number="85" hits="0" branch="true" condition-coverage="0% (0/2)" missing-branches="84,86"/>
						<line number="86" hits="0" branch="true" condition-coverage="0% (0/2)" missing-branches="87,88"/>
						<line number="87" hits="0"/>
						<line number="88" hits="0"/>
						<line number="89" hits="0" branch="true" condition-coverage="0% (0/2)" missing-branches="90,95"/>
						<line number="90" hits="0"/>
						<line number="91" hits="0"/>
						<line number="92" hits="0" branch="true" condition-coverage="0% (0/2)" missing-branches="85,93"/>
						<line number="93" hits="0"/>
						<line number="94" hits="0"/>
						<line number="95" hits="0" branch="true" condition-coverage="0% (0/2)" missing-branches="85,96"/>
						<line number="96" hits="0"/>
						<line number="97" hits="0"/>
						<line number="98" hits="0"/>
						<line number="99" hits="0"/>
						<line number="101" hits="0"/>
					</lines>
				</class>
				<class name="escsm.py" filename="/usr/lib/python3/dist-packages/chardet/escsm.py" complexity="0" line-rate="1" branch-rate="1">
					<methods/>
					<lines>
						<line number="28" hits="1"/>
						<line number="30" hits="1"/>
						<line number="65" hits="1"/>
						<line number="74" hits="1"/>
						<line number="76" hits="1"/>
						<line number="83" hits="1"/>
						<line number="118" hits="1"/>
						<line number="129" hits="1"/>
						<line number="131" hits="1"/>
						<line number="138" hits="1"/>
						<line number="173" hits="1"/>
						<line number="185" hits="1"/>
						<line number="187" hits="1"/>
						<line number="194" hits="1"/>
						<line number="229" hits="1"/>
						<line number="237" hits="1"/>
						<line number="239" hits="1"/>
					</lines>
				</class>
				<class name="eucjpprober.py" filename="/usr/lib/python3/dist-packages/chardet/eucjpprober.py" complexity="0" line-rate="0.3061" branch-rate="0.125">
					<methods/>
					<lines>
						<line number="28" hits="1"/>
						<line number="29" hits="1"/>
						<line number="30" hits="1"/>
						<line number="31" hits="1"/>
						<line number="32" hits="1"/>
						<line number="33" hits="1"/>
						<line number="36" hits="1" branch="true" condition-coverage="100% (2/2)"/>
						<line number="37" hits="1"/>
						<line number="38" hits="0"/>
						<line number="39" hits="0"/>
						<line number="40" hits="0"/>
						<line number="41" hits="0"/>
						<line number="42" hits="0"/>
						<line number="44" hits="1"/>
						<line number="45" hits="0"/>
						<line number="46" hits="0"/>
						<line number="48" hits="1"/>
						<line number="49" hits="1"/>
						<line number="50" hits="0"/>
						<line number="52" hits="1"/>
						<line number="53" hits="1"/>
						<line number="54" hits="0"/>
						<line number="56" hits="1"/>
						<line number="57" hits="0" branch="true" condition-coverage="0% (0/2)" missing-branches="59,80"/>
						<line number="59" hits="0"/>
						<line number="60" hits="0" branch="true" condition-coverage="0% (0/2)" missing-branches="61,65"/>
						<line number="61" hits="0"/>
						<line number="63" hits="0"/>
						<line number="64" hits="0"/>
						<line number="65" hits="0" branch="true" condition-coverage="0% (0/2)" missing-branches="66,68"/>
						<line number="66" hits="0"/>
						<line number="67" hits="0"/>
						<line number="68" hits="0" branch="true" condition-coverage="0% (0/2)" missing-branches="57,69"/>
						<line number="69" hits="0"/>
						<line number="70" hits="0" branch="true" condition-coverage="0% (0/2)" missing-branches="71,75"/>
						<line number="71" hits="0"/>
						<line number="72" hits="0"/>
						<line number="73" hits="0"/>
						<line number="75" hits="0"/>
						<line number="77" hits="0"/>
						<line number="80" hits="0"/>
						<line number="82" hits="0" branch="true" condition-coverage="0% (0/2)" missing-branches="83,87"/>
						<line number="83" hits="0" branch="true" condition-coverage="0% (0/2)" missing-branches="85,87"/>
						<line number="85" hits="0"/>
						<line number="87" hits="0"/>
						<line number="89" hits="1"/>
						<line number="90" hits="0"/>
						<line number="91" hits="0"/>
						<line number="92" hits="0"/>
					</lines>
				</class>
				<class name="euckrfreq.py" filename="/usr/lib/python3/dist-packages/chardet/euckrfreq.py" complexity="0" line-rate="1" branch-rate="1">
					<methods/>
					<lines>
						<line number="41" hits="1"/>
						<line number="43" hits="1"/>
						<line number="46" hits="1"/>
					</lines>
				</class>
				<class name="euckrprober.py" filename="/usr/lib/python3/dist-packages/chardet/euckrprober.py" complexity="0" line-rate="0.625" branch-rate="1">
					<methods/>
					<lines>
						<line number="28" hits="1"/>
						<line number="29" hits="1"/>
						<line number="30" hits="1"/>
						<line number="31" hits="1"/>
						<line number="34" hits="1" branch="true" condition-coverage="100% (2/2)"/>
						<line number="35" hits="1"/>
						<line number="36" hits="0"/>
						<line number="37" hits="0"/>
						<line number="38" hits="0"/>
						<line number="39" hits="0"/>
						<line number="41" hits="1"/>
						<line number="42" hits="1"/>
						<line number="43" hits="0"/>
						<line number="45" hits="1"/>
						<line number="46" hits="1"/>
						<line number="47" hits="0"/>
					</lines>
				</class>
				<class name="euctwfreq.py" filename="/usr/lib/python3/dist-packages/chardet/euctwfreq.py" complexity="0" line-rate="1" branch-rate="1">
					<methods/>
					<lines>
						<line number="44" hits="1"/>
						<line number="47" hits="1"/>
						<line number="49" hits="1"/>
					</lines>
				</class>
				<class name="euctwprober.py" filename="/usr/lib/python3/dist-packages/chardet/euctwprober.py" complexity="0" line-rate="0.625" branch-rate="1">
					<methods/>
					<lines>
						<line number="28" hits="1"/>
						<line number="29" hits="1"/>
						<line number="30" hits="1"/>
						<line number="31" hits="1"/>
						<line number="33" hits="1" branch="true" condition-coverage="100% (2/2)"/>
						<line number="34" hits="1"/>
						<line number="35" hits="0"/>
						<line number="36" hits="0"/>
						<line number="37" hits="0"/>
						<line number="38" hits="0"/>
						<line number="40" hits="1"/>
						<line number="41" hits="1"/>
						<line number="42" hits="0"/>
						<line number="44" hits="1"/>
						<line number="45" hits="1"/>
						<line number="46" hits="0"/>
					</lines>
				</class>
				<class name="gb2312freq.py" filename="/usr/lib/python3/dist-packages/chardet/gb2312freq.py" complexity="0" line-rate="1" branch-rate="1">
					<methods/>
					<lines>
						<line number="42" hits="1"/>
						<line number="44" hits="1"/>
						<line number="46" hits="1"/>
					</lines>
				</class>
				<class name="gb2312prober.py" filename="/usr/lib/python3/dist-packages/chardet/gb2312prober.py" complexity="0" line-rate="0.625" branch-rate="1">
					<methods/>
					<lines>
						<line number="28" hits="1"/>
						<line number="29" hits="1"/>
						<line number="30" hits="1"/>
						<line number="31" hits="1"/>
						<line number="33" hits="1" branch="true" condition-coverage="100% (2/2)"/>
						<line number="34" hits="1"/>
						<line number="35" hits="0"/>
						<line number="36" hits="0"/>
						<line number="37" hits="0"/>
						<line number="38" hits="0"/>
						<line number="40" hits="1"/>
						<line number="41" hits="1"/>
						<line number="42" hits="0"/>
						<line number="44" hits="1"/>
						<line number="45" hits="1"/>
						<line number="46" hits="0"/>
					</lines>
				</class>
				<class name="hebrewprober.py" filename="/usr/lib/python3/dist-packages/chardet/hebrewprober.py" complexity="0" line-rate="0.3766" branch-rate="0.07143">
					<methods/>
					<lines>
						<line number="28" hits="1"/>
						<line number="29" hits="1"/>
						<line number="128" hits="1" branch="true" condition-coverage="100% (2/2)"/>
						<line number="130" hits="1"/>
						<line number="131" hits="1"/>
						<line number="132" hits="1"/>
						<line number="133" hits="1"/>
						<line number="134" hits="1"/>
						<line number="135" hits="1"/>
						<line number="136" hits="1"/>
						<line number="137" hits="1"/>
						<line number="138" hits="1"/>
						<line number="139" hits="1"/>
						<line number="144" hits="1"/>
						<line number="149" hits="1"/>
						<line number="151" hits="1"/>
						<line number="152" hits="1"/>
						<line number="154" hits="1"/>
						<line number="155" hits="0"/>
						<line number="156" hits="0"/>
						<line number="157" hits="0"/>
						<line number="158" hits="0"/>
						<line number="159" hits="0"/>
						<line number="160" hits="0"/>
						<line number="161" hits="0"/>
						<line number="162" hits="0"/>
						<line number="164" hits="1"/>
						<line number="165" hits="0"/>
						<line number="166" hits="0"/>
						<line number="170" hits="0"/>
						<line number="171" hits="0"/>
						<line number="174" hits="1"/>
						<line number="175" hits="0"/>
						<line number="176" hits="0"/>
						<line number="178" hits="1"/>
						<line number="179" hits="0"/>
						<line number="182" hits="1"/>
						<line number="193" hits="0"/>
						<line number="196" hits="1"/>
						<line number="223" hits="0" branch="true" condition-coverage="0% (0/2)" missing-branches="225,227"/>
						<line number="225" hits="0"/>
						<line number="227" hits="0"/>
						<line number="229" hits="0" branch="true" condition-coverage="0% (0/2)" missing-branches="230,253"/>
						<line number="230" hits="0" branch="true" condition-coverage="0% (0/2)" missing-branches="232,244"/>
						<line number="232" hits="0" branch="true" condition-coverage="0% (0/2)" missing-branches="235,248"/>
						<line number="235" hits="0" branch="true" condition-coverage="0% (0/2)" missing-branches="237,238"/>
						<line number="237" hits="0"/>
						<line number="238" hits="0" branch="true" condition-coverage="0% (0/2)" missing-branches="241,248"/>
						<line number="241" hits="0"/>
						<line number="244" hits="0" branch="true" condition-coverage="0% (0/2)" missing-branches="247,248"/>
						<line number="247" hits="0"/>
						<line number="248" hits="0"/>
						<line number="249" hits="0"/>
						<line number="253" hits="0"/>
						<line number="255" hits="1"/>
						<line number="256" hits="1"/>
						<line number="259" hits="0"/>
						<line number="260" hits="0" branch="true" condition-coverage="0% (0/2)" missing-branches="261,262"/>
						<line number="261" hits="0"/>
						<line number="262" hits="0" branch="true" condition-coverage="0% (0/2)" missing-branches="263,266"/>
						<line number="263" hits="0"/>
						<line number="266" hits="0"/>
						<line number="268" hits="0" branch="true" condition-coverage="0% (0/2)" missing-branches="269,270"/>
						<line number="269" hits="0"/>
						<line number="270" hits="0" branch="true" condition-coverage="0% (0/2)" missing-branches="271,275"/>
						<line number="271" hits="0"/>
						<line number="275" hits="0" branch="true" condition-coverage="0% (0/2)" missing-branches="276,280"/>
						<line number="276" hits="0"/>
						<line number="280" hits="0"/>
						<line number="282" hits="1"/>
						<line number="283" hits="1"/>
						<line number="284" hits="0"/>
						<line number="286" hits="1"/>
						<line number="287" hits="1"/>
						<line number="289" hits="0" branch="true" condition-coverage="0% (0/2)" missing-branches="291,292"/>
						<line number="291" hits="0"/>
						<line number="292" hits="0"/>
					</lines>
				</class>
				<class name="jisfreq.py" filename="/usr/lib/python3/dist-packages/chardet/jisfreq.py" complexity="0" line-rate="1" branch-rate="1">
					<methods/>
					<lines>
						<line number="44" hits="1"/>
						<line number="47" hits="1"/>
						<line number="49" hits="1"/>
					</lines>
				</class>
				<class name="jpcntx.py" filename="/usr/lib/python3/dist-packages/chardet/jpcntx.py" complexity="0" line-rate="0.2469" branch-rate="0.1579">
					<methods/>
					<lines>
						<line number="30" hits="1"/>
						<line number="116" hits="1" branch="true" condition-coverage="100% (2/2)"/>
						<line number="117" hits="1"/>
						<line number="118" hits="1"/>
						<line number="119" hits="1"/>
						<line number="120" hits="1"/>
						<line number="121" hits="1"/>
						<line number="123" hits="1"/>
						<line number="124" hits="0"/>
						<line number="125" hits="0"/>
						<line number="126" hits="0"/>
						<line number="127" hits="0"/>
						<line number="128" hits="0"/>
						<line number="129" hits="0"/>
						<line number="131" hits="1"/>
						<line number="132" hits="0"/>
						<line number="134" hits="0"/>
						<line number="137" hits="0"/>
						<line number="138" hits="0"/>
						<line number="141" hits="0"/>
						<line number="143" hits="1"/>
						<line number="144" hits="0" branch="true" condition-coverage="0% (0/2)" missing-branches="145,154"/>
						<line number="145" hits="0"/>
						<line number="154" hits="0"/>
						<line number="155" hits="0" branch="true" condition-coverage="0% (0/2)" missing-branches="exit,156"/>
						<line number="156" hits="0"/>
						<line number="157" hits="0"/>
						<line number="158" hits="0" branch="true" condition-coverage="0% (0/2)" missing-branches="159,162"/>
						<line number="159" hits="0"/>
						<line number="160" hits="0"/>
						<line number="162" hits="0" branch="true" condition-coverage="0% (0/2)" missing-branches="163,168"/>
						<line number="163" hits="0"/>
						<line number="164" hits="0" branch="true" condition-coverage="0% (0/2)" missing-branches="165,167"/>
						<line number="165" hits="0"/>
						<line number="166" hits="0"/>
						<line number="167" hits="0"/>
						<line number="168" hits="0"/>
						<line number="170" hits="1"/>
						<line number="171" hits="0"/>
						<line number="173" hits="1"/>
						<line number="175" hits="0" branch="true" condition-coverage="0% (0/2)" missing-branches="176,178"/>
						<line number="176" hits="0"/>
						<line number="178" hits="0"/>
						<line number="180" hits="1"/>
						<line number="181" hits="0"/>
						<line number="183" hits="1" branch="true" condition-coverage="100% (2/2)"/>
						<line number="184" hits="1"/>
						<line number="185" hits="0"/>
[...]
						<line number="1328" hits="0"/>
						<line number="1329" hits="0"/>
						<line number="1330" hits="0" branch="true" condition-coverage="0% (0/2)" missing-branches="1331,1339"/>
						<line number="1331" hits="0" branch="true" condition-coverage="0% (0/2)" missing-branches="1332,1334"/>
						<line number="1332" hits="0"/>
						<line number="1334" hits="0"/>
						<line number="1335" hits="0"/>
						<line number="1336" hits="0" branch="true" condition-coverage="0% (0/2)" missing-branches="1330,1338"/>
						<line number="1338" hits="0"/>
						<line number="1339" hits="0" branch="true" condition-coverage="0% (0/2)" missing-branches="1340,1341"/>
						<line number="1340" hits="0"/>
						<line number="1341" hits="0" branch="true" condition-coverage="0% (0/2)" missing-branches="1342,1343"/>
						<line number="1342" hits="0"/>
						<line number="1343" hits="0"/>
						<line number="1344" hits="0" branch="true" condition-coverage="0% (0/2)" missing-branches="1345,1346"/>
						<line number="1345" hits="0"/>
						<line number="1346" hits="0"/>
						<line number="1348" hits="1"/>
						<line number="1352" hits="0"/>
						<line number="1353" hits="0" branch="true" condition-coverage="0% (0/2)" missing-branches="1354,1356"/>
						<line number="1354" hits="0"/>
						<line number="1356" hits="0"/>
						<line number="1357" hits="0"/>
						<line number="1358" hits="0" branch="true" condition-coverage="0% (0/2)" missing-branches="1359,1368"/>
						<line number="1359" hits="0" branch="true" condition-coverage="0% (0/2)" missing-branches="1361,1363"/>
						<line number="1361" hits="0"/>
						<line number="1362" hits="0"/>
						<line number="1363" hits="0" branch="true" condition-coverage="0% (0/2)" missing-branches="1364,1367"/>
						<line number="1364" hits="0"/>
						<line number="1365" hits="0"/>
						<line number="1367" hits="0"/>
						<line number="1368" hits="0"/>
						<line number="1369" hits="0"/>
						<line number="1370" hits="0"/>
						<line number="1372" hits="1"/>
						<line number="1375" hits="0"/>
						<line number="1376" hits="0"/>
						<line number="1377" hits="0"/>
						<line number="1378" hits="0" branch="true" condition-coverage="0% (0/2)" missing-branches="1380,1388"/>
						<line number="1380" hits="0" branch="true" condition-coverage="0% (0/2)" missing-branches="1381,1386"/>
						<line number="1381" hits="0"/>
						<line number="1382" hits="0"/>
						<line number="1383" hits="0"/>
						<line number="1384" hits="0"/>
						<line number="1386" hits="0"/>
						<line number="1387" hits="0"/>
						<line number="1388" hits="0" branch="true" condition-coverage="0% (0/2)" missing-branches="1389,1392"/>
						<line number="1389" hits="0"/>
						<line number="1390" hits="0"/>
						<line number="1391" hits="0"/>
						<line number="1392" hits="0" branch="true" condition-coverage="0% (0/2)" missing-branches="1393,1395"/>
						<line number="1393" hits="0"/>
						<line number="1395" hits="0"/>
						<line number="1397" hits="1"/>
						<line number="1399" hits="0"/>
						<line number="1400" hits="0"/>
						<line number="1401" hits="0" branch="true" condition-coverage="0% (0/2)" missing-branches="1402,1410"/>
						<line number="1402" hits="0"/>
						<line number="1403" hits="0" branch="true" condition-coverage="0% (0/2)" missing-branches="1404,1408"/>
						<line number="1404" hits="0" branch="true" condition-coverage="0% (0/2)" missing-branches="1403,1405"/>
						<line number="1405" hits="0"/>
						<line number="1408" hits="0"/>
						<line number="1409" hits="0"/>
						<line number="1410" hits="0"/>
						<line number="1411" hits="0"/>
						<line number="1412" hits="0"/>
						<line number="1413" hits="0"/>
						<line number="1414" hits="0"/>
						<line number="1416" hits="1"/>
						<line number="1425" hits="0"/>
						<line number="1426" hits="0" branch="true" condition-coverage="0% (0/2)" missing-branches="1427,1432"/>
						<line number="1427" hits="0" branch="true" condition-coverage="0% (0/2)" missing-branches="1428,1430"/>
						<line number="1428" hits="0"/>
						<line number="1430" hits="0"/>
						<line number="1431" hits="0"/>
						<line number="1432" hits="0" branch="true" condition-coverage="0% (0/2)" missing-branches="1433,1435"/>
						<line number="1433" hits="0"/>
						<line number="1434" hits="0"/>
						<line number="1435" hits="0"/>
					</lines>
				</class>
				<class name="serializer.py" filename="/usr/lib/python3/dist-packages/yaml/serializer.py" complexity="0" line-rate="0.1765" branch-rate="0.1">
					<methods/>
					<lines>
						<line number="2" hits="1"/>
						<line number="4" hits="1"/>
						<line number="5" hits="1"/>
						<line number="6" hits="1"/>
						<line number="8" hits="1" branch="true" condition-coverage="100% (2/2)"/>
						<line number="9" hits="1"/>
						<line number="11" hits="1" branch="true" condition-coverage="100% (2/2)"/>
						<line number="13" hits="1"/>
						<line number="15" hits="1"/>
						<line number="17" hits="0"/>
						<line number="18" hits="0"/>
						<line number="19" hits="0"/>
						<line number="20" hits="0"/>
						<line number="21" hits="0"/>
						<line number="22" hits="0"/>
						<line number="23" hits="0"/>
						<line number="24" hits="0"/>
						<line number="25" hits="0"/>
						<line number="27" hits="1"/>
						<line number="28" hits="0" branch="true" condition-coverage="0% (0/2)" missing-branches="29,31"/>
						<line number="29" hits="0"/>
						<line number="30" hits="0"/>
						<line number="31" hits="0" branch="true" condition-coverage="0% (0/2)" missing-branches="32,34"/>
						<line number="32" hits="0"/>
						<line number="34" hits="0"/>
						<line number="36" hits="1"/>
						<line number="37" hits="0" branch="true" condition-coverage="0% (0/2)" missing-branches="38,39"/>
						<line number="38" hits="0"/>
						<line number="39" hits="0" branch="true" condition-coverage="0% (0/2)" missing-branches="exit,40"/>
						<line number="40" hits="0"/>
						<line number="41" hits="0"/>
						<line number="46" hits="1"/>
						<line number="47" hits="0" branch="true" condition-coverage="0% (0/2)" missing-branches="48,49"/>
						<line number="48" hits="0"/>
						<line number="49" hits="0" branch="true" condition-coverage="0% (0/2)" missing-branches="50,51"/>
						<line number="50" hits="0"/>
						<line number="51" hits="0"/>
						<line number="53" hits="0"/>
						<line number="54" hits="0"/>
						<line number="55" hits="0"/>
						<line number="56" hits="0"/>
						<line number="57" hits="0"/>
						<line number="58" hits="0"/>
						<line number="60" hits="1"/>
						<line number="61" hits="0" branch="true" condition-coverage="0% (0/2)" missing-branches="62,65"/>
						<line number="62" hits="0" branch="true" condition-coverage="0% (0/2)" missing-branches="exit,63"/>
						<line number="63" hits="0"/>
						<line number="65" hits="0"/>
						<line number="66" hits="0" branch="true" condition-coverage="0% (0/2)" missing-branches="67,69"/>
						<line number="67" hits="0" branch="true" condition-coverage="0% (0/2)" missing-branches="exit,68"/>
						<line number="68" hits="0"/>
						<line number="69" hits="0" branch="true" condition-coverage="0% (0/2)" missing-branches="exit,70"/>
						<line number="70" hits="0" branch="true" condition-coverage="0% (0/2)" missing-branches="exit,71"/>
						<line number="71" hits="0"/>
						<line number="72" hits="0"/>
						<line number="74" hits="1"/>
						<line number="75" hits="0"/>
						<line number="76" hits="0"/>
						<line number="78" hits="1"/>
						<line number="79" hits="0"/>
						<line number="80" hits="0" branch="true" condition-coverage="0% (0/2)" missing-branches="81,83"/>
						<line number="81" hits="0"/>
						<line number="83" hits="0"/>
						<line number="84" hits="0"/>
						<line number="85" hits="0" branch="true" condition-coverage="0% (0/2)" missing-branches="86,91"/>
						<line number="86" hits="0"/>
						<line number="87" hits="0"/>
						<line number="88" hits="0"/>
						<line number="89" hits="0"/>
						<line number="91" hits="0" branch="true" condition-coverage="0% (0/2)" missing-branches="92,101"/>
						<line number="92" hits="0"/>
						<line number="94" hits="0"/>
						<line number="96" hits="0"/>
						<line number="97" hits="0" branch="true" condition-coverage="0% (0/2)" missing-branches="98,100"/>
						<line number="98" hits="0"/>
						<line number="99" hits="0"/>
						<line number="100" hits="0"/>
						<line number="101" hits="0" branch="true" condition-coverage="0% (0/2)" missing-branches="102,110"/>
						<line number="102" hits="0"/>
						<line number="104" hits="0"/>
						<line number="106" hits="0" branch="true" condition-coverage="0% (0/2)" missing-branches="107,109"/>
						<line number="107" hits="0"/>
						<line number="108" hits="0"/>
						<line number="109" hits="0"/>
						<line number="110" hits="0"/>
					</lines>
				</class>
				<class name="tokens.py" filename="/usr/lib/python3/dist-packages/yaml/tokens.py" complexity="0" line-rate="0.6447" branch-rate="0.913">
					<methods/>
					<lines>
						<line number="2" hits="1" branch="true" condition-coverage="100% (2/2)"/>
						<line number="3" hits="1"/>
						<line number="4" hits="0"/>
						<line number="5" hits="0"/>
						<line number="6" hits="1"/>
						<line number="7" hits="0" branch="true" condition-coverage="0% (0/2)" missing-branches="exit,9"/>
						<line number="9" hits="0"/>
						<line number="10" hits="0" branch="true" condition-coverage="0% (0/2)" missing-branches="exit,12"/>
						<line number="12" hits="0"/>
						<line number="17" hits="1" branch="true" condition-coverage="100% (2/2)"/>
						<line number="18" hits="1"/>
						<line number="19" hits="1"/>
						<line number="20" hits="0"/>
						<line number="21" hits="0"/>
						<line number="22" hits="0"/>
						<line number="23" hits="0"/>
						<line number="25" hits="1" branch="true" condition-coverage="100% (2/2)"/>
						<line number="26" hits="1"/>
						<line number="28" hits="1" branch="true" condition-coverage="100% (2/2)"/>
						<line number="29" hits="1"/>
						<line number="31" hits="1" branch="true" condition-coverage="100% (2/2)"/>
						<line number="32" hits="1"/>
						<line number="33" hits="1"/>
						<line number="35" hits="0"/>
						<line number="36" hits="0"/>
						<line number="37" hits="0"/>
						<line number="39" hits="1" branch="true" condition-coverage="100% (2/2)"/>
						<line number="40" hits="1"/>
						<line number="42" hits="1" branch="true" condition-coverage="100% (2/2)"/>
						<line number="43" hits="1"/>
						<line number="45" hits="1" branch="true" condition-coverage="100% (2/2)"/>
						<line number="46" hits="1"/>
						<line number="48" hits="1" branch="true" condition-coverage="100% (2/2)"/>
						<line number="49" hits="1"/>
						<line number="51" hits="1" branch="true" condition-coverage="100% (2/2)"/>
						<line number="52" hits="1"/>
						<line number="54" hits="1" branch="true" condition-coverage="100% (2/2)"/>
						<line number="55" hits="1"/>
						<line number="57" hits="1" branch="true" condition-coverage="100% (2/2)"/>
						<line number="58" hits="1"/>
						<line number="60" hits="1" branch="true" condition-coverage="100% (2/2)"/>
						<line number="61" hits="1"/>
						<line number="63" hits="1" branch="true" condition-coverage="100% (2/2)"/>
						<line number="64" hits="1"/>
						<line number="66" hits="1" branch="true" condition-coverage="100% (2/2)"/>
						<line number="67" hits="1"/>
						<line number="69" hits="1" branch="true" condition-coverage="100% (2/2)"/>
						<line number="70" hits="1"/>
						<line number="72" hits="1" branch="true" condition-coverage="100% (2/2)"/>
						<line number="73" hits="1"/>
						<line number="75" hits="1" branch="true" condition-coverage="100% (2/2)"/>
						<line number="76" hits="1"/>
						<line number="77" hits="1"/>
						<line number="78" hits="0"/>
						<line number="79" hits="0"/>
						<line number="80" hits="0"/>
						<line number="82" hits="1" branch="true" condition-coverage="100% (2/2)"/>
						<line number="83" hits="1"/>
						<line number="84" hits="1"/>
						<line number="85" hits="0"/>
						<line number="86" hits="0"/>
						<line number="87" hits="0"/>
						<line number="89" hits="1" branch="true" condition-coverage="100% (2/2)"/>
						<line number="90" hits="1"/>
						<line number="91" hits="1"/>
						<line number="92" hits="0"/>
						<line number="93" hits="0"/>
						<line number="94" hits="0"/>
						<line number="96" hits="1" branch="true" condition-coverage="100% (2/2)"/>
						<line number="97" hits="1"/>
						<line number="98" hits="1"/>
						<line number="99" hits="0"/>
						<line number="100" hits="0"/>
						<line number="101" hits="0"/>
						<line number="102" hits="0"/>
						<line number="103" hits="0"/>
					</lines>
				</class>
			</classes>
		</package>
		<package name="credentials" line-rate="1" branch-rate="1" complexity="0">
			<classes>
				<class name="__init__.py" filename="credentials/__init__.py" complexity="0" line-rate="1" branch-rate="1">
					<methods/>
					<lines/>
				</class>
				<class name="credentials_database.py" filename="credentials/credentials_database.py" complexity="0" line-rate="1" branch-rate="1">
					<methods/>
					<lines>
						<line number="1" hits="1"/>
						<line number="2" hits="1"/>
						<line number="3" hits="1"/>
						<line number="4" hits="1"/>
						<line number="5" hits="1"/>
					</lines>
				</class>
				<class name="credentials_twitter.py" filename="credentials/credentials_twitter.py" complexity="0" line-rate="1" branch-rate="1">
					<methods/>
					<lines>
						<line number="1" hits="1"/>
						<line number="2" hits="1"/>
						<line number="3" hits="1"/>
						<line number="4" hits="1"/>
					</lines>
				</class>
			</classes>
		</package>
		<package name="database" line-rate="1" branch-rate="1" complexity="0">
			<classes>
				<class name="__init__.py" filename="database/__init__.py" complexity="0" line-rate="1" branch-rate="1">
					<methods/>
					<lines/>
				</class>
				<class name="database.py" filename="database/database.py" complexity="0" line-rate="1" branch-rate="1">
					<methods/>
					<lines>
						<line number="1" hits="1"/>
						<line number="3" hits="1"/>
						<line number="6" hits="1"/>
					</lines>
				</class>
			</classes>
		</package>
		<package name="routes" line-rate="0.5114" branch-rate="0.3333" complexity="0">
			<classes>
				<class name="__init__.py" filename="routes/__init__.py" complexity="0" line-rate="1" branch-rate="1">
					<methods/>
					<lines/>
				</class>
				<class name="twitter.py" filename="routes/twitter.py" complexity="0" line-rate="1" branch-rate="1">
					<methods/>
					<lines>
						<line number="1" hits="1"/>
						<line number="3" hits="1"/>
						<line number="5" hits="1"/>
						<line number="6" hits="1"/>
						<line number="7" hits="1"/>
						<line number="9" hits="1"/>
						<line number="12" hits="1"/>
						<line number="17" hits="1"/>
						<line number="23" hits="1"/>
						<line number="42" hits="1"/>
						<line number="46" hits="1"/>
						<line number="50" hits="1"/>
						<line number="51" hits="1"/>
						<line number="52" hits="1"/>
						<line number="53" hits="1" branch="true" condition-coverage="100% (2/2)"/>
						<line number="54" hits="1" branch="true" condition-coverage="100% (2/2)"/>
						<line number="55" hits="1" branch="true" condition-coverage="100% (2/2)"/>
						<line number="56" hits="1"/>
						<line number="57" hits="1"/>
						<line number="61" hits="1"/>
					</lines>
				</class>
				<class name="user.py" filename="routes/user.py" complexity="0" line-rate="0.3676" branch-rate="0">
					<methods/>
					<lines>
						<line number="1" hits="1"/>
						<line number="2" hits="1"/>
						<line number="3" hits="1"/>
						<line number="4" hits="1"/>
						<line number="5" hits="1"/>
						<line number="6" hits="1"/>
						<line number="7" hits="1"/>
						<line number="8" hits="1"/>
						<line number="9" hits="1"/>
						<line number="11" hits="1"/>
						<line number="12" hits="1"/>
						<line number="13" hits="1"/>
						<line number="15" hits="1"/>
						<line number="17" hits="1"/>
						<line number="22" hits="1"/>
						<line number="29" hits="1"/>
						<line number="38" hits="0"/>
						<line number="41" hits="1"/>
						<line number="48" hits="1"/>
						<line number="56" hits="1"/>
						<line number="62" hits="1"/>
						<line number="69" hits="1"/>
						<line number="82" hits="0"/>
						<line number="83" hits="0"/>
						<line number="84" hits="0"/>
						<line number="85" hits="0"/>
						<line number="86" hits="0"/>
						<line number="87" hits="0"/>
						<line number="88" hits="0"/>
						<line number="94" hits="1"/>
						<line number="101" hits="1"/>
						<line number="115" hits="0"/>
						<line number="116" hits="0"/>
						<line number="117" hits="0"/>
						<line number="118" hits="0"/>
						<line number="119" hits="0"/>
						<line number="120" hits="0" branch="true" condition-coverage="0% (0/2)" missing-branches="exit,121"/>
						<line number="121" hits="0"/>
						<line number="122" hits="0"/>
						<line number="123" hits="0"/>
						<line number="124" hits="0" branch="true" condition-coverage="0% (0/2)" missing-branches="exit,125"/>
						<line number="125" hits="0" branch="true" condition-coverage="0% (0/2)" missing-branches="exit,126"/>
						<line number="126" hits="0"/>
						<line number="127" hits="0"/>
						<line number="128" hits="0"/>
						<line number="129" hits="0"/>
						<line number="130" hits="0"/>
						<line number="131" hits="0"/>
						<line number="135" hits="0"/>
						<line number="136" hits="0"/>
						<line number="137" hits="0"/>
						<line number="143" hits="1"/>
						<line number="150" hits="1"/>
						<line number="174" hits="0"/>
						<line number="175" hits="0" branch="true" condition-coverage="0% (0/2)" missing-branches="176,192"/>
						<line number="176" hits="0"/>
						<line number="177" hits="0"/>
						<line number="178" hits="0"/>
						<line number="179" hits="0" branch="true" condition-coverage="0% (0/2)" missing-branches="exit,182"/>
						<line number="182" hits="0"/>
						<line number="183" hits="0" branch="true" condition-coverage="0% (0/2)" missing-branches="exit,186"/>
						<line number="186" hits="0"/>
						<line number="188" hits="0"/>
						<line number="189" hits="0"/>
						<line number="190" hits="0"/>
						<line number="192" hits="0"/>
						<line number="196" hits="0"/>
						<line number="197" hits="0"/>
					</lines>
				</class>
			</classes>
		</package>
		<package name="schemas" line-rate="0.8182" branch-rate="1" complexity="0">
			<classes>
				<class name="__init__.py" filename="schemas/__init__.py" complexity="0" line-rate="1" branch-rate="1">
					<methods/>
					<lines/>
				</class>
				<class name="schemas.py" filename="schemas/schemas.py" complexity="0" line-rate="0.8182" branch-rate="1">
					<methods/>
					<lines>
						<line number="1" hits="1"/>
						<line number="2" hits="1"/>
						<line number="4" hits="1"/>
						<line number="9" hits="1" branch="true" condition-coverage="100% (2/2)"/>
						<line number="10" hits="1"/>
						<line number="13" hits="1"/>
						<line number="18" hits="1"/>
						<line number="23" hits="1"/>
						<line number="26" hits="1"/>
						<line number="31" hits="1"/>
						<line number="36" hits="1"/>
						<line number="41" hits="1"/>
						<line number="46" hits="1"/>
						<line number="51" hits="1"/>
						<line number="56" hits="1"/>
						<line number="64" hits="1" branch="true" condition-coverage="100% (2/2)"/>
						<line number="65" hits="1"/>
						<line number="66" hits="0"/>
						<line number="67" hits="0"/>
						<line number="72" hits="1"/>
						<line number="73" hits="0"/>
						<line number="74" hits="0"/>
					</lines>
				</class>
			</classes>
		</package>
	</packages>
</coverage>
